{"total": {"lines":{"total":458,"covered":309,"skipped":0,"pct":67.46},"statements":{"total":501,"covered":314,"skipped":0,"pct":62.67},"functions":{"total":87,"covered":62,"skipped":0,"pct":71.26},"branches":{"total":429,"covered":257,"skipped":0,"pct":59.9},"branchesTrue":{"total":0,"covered":0,"skipped":0,"pct":100}}
,"D:\\my2light-app\\my2light-main\\components\\Layout\\PageTransition.tsx": {"lines":{"total":2,"covered":2,"skipped":0,"pct":100},"functions":{"total":1,"covered":1,"skipped":0,"pct":100},"statements":{"total":2,"covered":2,"skipped":0,"pct":100},"branches":{"total":0,"covered":0,"skipped":0,"pct":100}}
,"D:\\my2light-app\\my2light-main\\components\\ui\\Button.tsx": {"lines":{"total":15,"covered":13,"skipped":0,"pct":86.66},"functions":{"total":4,"covered":4,"skipped":0,"pct":100},"statements":{"total":15,"covered":13,"skipped":0,"pct":86.66},"branches":{"total":22,"covered":19,"skipped":0,"pct":86.36}}
,"D:\\my2light-app\\my2light-main\\components\\ui\\Input.tsx": {"lines":{"total":7,"covered":7,"skipped":0,"pct":100},"functions":{"total":1,"covered":1,"skipped":0,"pct":100},"statements":{"total":7,"covered":7,"skipped":0,"pct":100},"branches":{"total":19,"covered":12,"skipped":0,"pct":63.15}}
,"D:\\my2light-app\\my2light-main\\components\\ui\\Toast.tsx": {"lines":{"total":18,"covered":14,"skipped":0,"pct":77.77},"functions":{"total":12,"covered":5,"skipped":0,"pct":41.66},"statements":{"total":23,"covered":15,"skipped":0,"pct":65.21},"branches":{"total":21,"covered":17,"skipped":0,"pct":80.95}}
,"D:\\my2light-app\\my2light-main\\pages\\Login.tsx": {"lines":{"total":65,"covered":38,"skipped":0,"pct":58.46},"functions":{"total":14,"covered":7,"skipped":0,"pct":50},"statements":{"total":69,"covered":38,"skipped":0,"pct":55.07},"branches":{"total":63,"covered":38,"skipped":0,"pct":60.31}}
,"D:\\my2light-app\\my2light-main\\services\\api.ts": {"lines":{"total":254,"covered":164,"skipped":0,"pct":64.56},"functions":{"total":27,"covered":20,"skipped":0,"pct":74.07},"statements":{"total":287,"covered":168,"skipped":0,"pct":58.53},"branches":{"total":262,"covered":142,"skipped":0,"pct":54.19}}
,"D:\\my2light-app\\my2light-main\\src\\hooks\\useApi.ts": {"lines":{"total":26,"covered":25,"skipped":0,"pct":96.15},"functions":{"total":19,"covered":18,"skipped":0,"pct":94.73},"statements":{"total":26,"covered":25,"skipped":0,"pct":96.15},"branches":{"total":2,"covered":2,"skipped":0,"pct":100}}
,"D:\\my2light-app\\my2light-main\\src\\utils\\booking.ts": {"lines":{"total":49,"covered":28,"skipped":0,"pct":57.14},"functions":{"total":4,"covered":3,"skipped":0,"pct":75},"statements":{"total":50,"covered":28,"skipped":0,"pct":56},"branches":{"total":16,"covered":7,"skipped":0,"pct":43.75}}
,"D:\\my2light-app\\my2light-main\\src\\utils\\format.ts": {"lines":{"total":22,"covered":18,"skipped":0,"pct":81.81},"functions":{"total":5,"covered":3,"skipped":0,"pct":60},"statements":{"total":22,"covered":18,"skipped":0,"pct":81.81},"branches":{"total":24,"covered":20,"skipped":0,"pct":83.33}}
}
