{"D:\\my2light-app\\my2light-main\\components\\Layout\\PageTransition.tsx": {"path":"D:\\my2light-app\\my2light-main\\components\\Layout\\PageTransition.tsx","statementMap":{"0":{"start":{"line":8,"column":61},"end":{"line":20,"column":null}},"1":{"start":{"line":9,"column":2},"end":{"line":18,"column":null}}},"fnMap":{"0":{"name":"(anonymous_0)","decl":{"start":{"line":8,"column":61},"end":{"line":8,"column":62}},"loc":{"start":{"line":8,"column":79},"end":{"line":20,"column":null}},"line":8}},"branchMap":{},"s":{"0":1,"1":55},"f":{"0":55},"b":{},"meta":{"lastBranch":0,"lastFunction":1,"lastStatement":2,"seen":{"s:8:61:20:Infinity":0,"f:8:61:8:62":0,"s:9:2:18:Infinity":1}}}
,"D:\\my2light-app\\my2light-main\\components\\ui\\Button.tsx": {"path":"D:\\my2light-app\\my2light-main\\components\\ui\\Button.tsx","statementMap":{"0":{"start":{"line":15,"column":22},"end":{"line":24,"column":null}},"1":{"start":{"line":16,"column":2},"end":{"line":23,"column":null}},"2":{"start":{"line":17,"column":21},"end":{"line":21,"column":null}},"3":{"start":{"line":22,"column":4},"end":{"line":22,"column":null}},"4":{"start":{"line":26,"column":45},"end":{"line":109,"column":null}},"5":{"start":{"line":38,"column":21},"end":{"line":38,"column":null}},"6":{"start":{"line":40,"column":19},"end":{"line":48,"column":null}},"7":{"start":{"line":50,"column":16},"end":{"line":57,"column":null}},"8":{"start":{"line":59,"column":22},"end":{"line":64,"column":null}},"9":{"start":{"line":60,"column":4},"end":{"line":62,"column":null}},"10":{"start":{"line":61,"column":6},"end":{"line":61,"column":null}},"11":{"start":{"line":63,"column":4},"end":{"line":63,"column":null}},"12":{"start":{"line":66,"column":25},"end":{"line":86,"column":null}},"13":{"start":{"line":67,"column":4},"end":{"line":86,"column":null}},"14":{"start":{"line":89,"column":2},"end":{"line":107,"column":null}}},"fnMap":{"0":{"name":"(anonymous_0)","decl":{"start":{"line":15,"column":22},"end":{"line":15,"column":23}},"loc":{"start":{"line":15,"column":73},"end":{"line":24,"column":null}},"line":15},"1":{"name":"(anonymous_1)","decl":{"start":{"line":26,"column":45},"end":{"line":26,"column":46}},"loc":{"start":{"line":37,"column":6},"end":{"line":109,"column":null}},"line":37},"2":{"name":"(anonymous_2)","decl":{"start":{"line":59,"column":22},"end":{"line":59,"column":23}},"loc":{"start":{"line":59,"column":66},"end":{"line":64,"column":null}},"line":59},"3":{"name":"(anonymous_3)","decl":{"start":{"line":66,"column":25},"end":{"line":66,"column":null}},"loc":{"start":{"line":67,"column":4},"end":{"line":86,"column":null}},"line":67}},"branchMap":{"0":{"loc":{"start":{"line":15,"column":23},"end":{"line":15,"column":73}},"type":"default-arg","locations":[{"start":{"line":15,"column":60},"end":{"line":15,"column":73}}],"line":15},"1":{"loc":{"start":{"line":16,"column":2},"end":{"line":23,"column":null}},"type":"if","locations":[{"start":{"line":16,"column":2},"end":{"line":23,"column":null}},{"start":{},"end":{}}],"line":16},"2":{"loc":{"start":{"line":16,"column":6},"end":{"line":16,"column":61}},"type":"binary-expr","locations":[{"start":{"line":16,"column":6},"end":{"line":16,"column":42}},{"start":{"line":16,"column":42},"end":{"line":16,"column":61}}],"line":16},"3":{"loc":{"start":{"line":27,"column":2},"end":{"line":27,"column":null}},"type":"default-arg","locations":[{"start":{"line":27,"column":12},"end":{"line":27,"column":null}}],"line":27},"4":{"loc":{"start":{"line":28,"column":2},"end":{"line":28,"column":null}},"type":"default-arg","locations":[{"start":{"line":28,"column":9},"end":{"line":28,"column":null}}],"line":28},"5":{"loc":{"start":{"line":30,"column":2},"end":{"line":30,"column":null}},"type":"default-arg","locations":[{"start":{"line":30,"column":11},"end":{"line":30,"column":null}}],"line":30},"6":{"loc":{"start":{"line":32,"column":2},"end":{"line":32,"column":null}},"type":"default-arg","locations":[{"start":{"line":32,"column":17},"end":{"line":32,"column":null}}],"line":32},"7":{"loc":{"start":{"line":34,"column":2},"end":{"line":34,"column":null}},"type":"default-arg","locations":[{"start":{"line":34,"column":14},"end":{"line":34,"column":null}}],"line":34},"8":{"loc":{"start":{"line":60,"column":4},"end":{"line":62,"column":null}},"type":"if","locations":[{"start":{"line":60,"column":4},"end":{"line":62,"column":null}},{"start":{},"end":{}}],"line":60},"9":{"loc":{"start":{"line":94,"column":16},"end":{"line":94,"column":null}},"type":"binary-expr","locations":[{"start":{"line":94,"column":16},"end":{"line":94,"column":29}},{"start":{"line":94,"column":29},"end":{"line":94,"column":null}}],"line":94},"10":{"loc":{"start":{"line":98,"column":7},"end":{"line":105,"column":null}},"type":"cond-expr","locations":[{"start":{"line":99,"column":8},"end":{"line":99,"column":null}},{"start":{"line":101,"column":8},"end":{"line":105,"column":null}}],"line":98},"11":{"loc":{"start":{"line":102,"column":11},"end":{"line":102,"column":null}},"type":"binary-expr","locations":[{"start":{"line":102,"column":11},"end":{"line":102,"column":19}},{"start":{"line":102,"column":19},"end":{"line":102,"column":46}},{"start":{"line":102,"column":46},"end":{"line":102,"column":null}}],"line":102},"12":{"loc":{"start":{"line":104,"column":11},"end":{"line":104,"column":null}},"type":"binary-expr","locations":[{"start":{"line":104,"column":11},"end":{"line":104,"column":19}},{"start":{"line":104,"column":19},"end":{"line":104,"column":47}},{"start":{"line":104,"column":47},"end":{"line":104,"column":null}}],"line":104}},"s":{"0":2,"1":3,"2":0,"3":0,"4":2,"5":58,"6":58,"7":58,"8":58,"9":3,"10":3,"11":3,"12":58,"13":2,"14":58},"f":{"0":3,"1":58,"2":3,"3":2},"b":{"0":[3],"1":[0,3],"2":[3,3],"3":[58],"4":[58],"5":[58],"6":[58],"7":[58],"8":[3,0],"9":[58,56],"10":[2,56],"11":[56,54,54],"12":[56,54,0]},"meta":{"lastBranch":13,"lastFunction":4,"lastStatement":15,"seen":{"s:15:22:24:Infinity":0,"f:15:22:15:23":0,"b:15:60:15:73":0,"b:16:2:23:Infinity:undefined:undefined:undefined:undefined":1,"s:16:2:23:Infinity":1,"b:16:6:16:42:16:42:16:61":2,"s:17:21:21:Infinity":2,"s:22:4:22:Infinity":3,"s:26:45:109:Infinity":4,"f:26:45:26:46":1,"b:27:12:27:Infinity":3,"b:28:9:28:Infinity":4,"b:30:11:30:Infinity":5,"b:32:17:32:Infinity":6,"b:34:14:34:Infinity":7,"s:38:21:38:Infinity":5,"s:40:19:48:Infinity":6,"s:50:16:57:Infinity":7,"s:59:22:64:Infinity":8,"f:59:22:59:23":2,"b:60:4:62:Infinity:undefined:undefined:undefined:undefined":8,"s:60:4:62:Infinity":9,"s:61:6:61:Infinity":10,"s:63:4:63:Infinity":11,"s:66:25:86:Infinity":12,"f:66:25:66:Infinity":3,"s:67:4:86:Infinity":13,"s:89:2:107:Infinity":14,"b:94:16:94:29:94:29:94:Infinity":9,"b:99:8:99:Infinity:101:8:105:Infinity":10,"b:102:11:102:19:102:19:102:46:102:46:102:Infinity":11,"b:104:11:104:19:104:19:104:47:104:47:104:Infinity":12}}}
,"D:\\my2light-app\\my2light-main\\components\\ui\\Input.tsx": {"path":"D:\\my2light-app\\my2light-main\\components\\ui\\Input.tsx","statementMap":{"0":{"start":{"line":12,"column":13},"end":{"line":63,"column":null}},"1":{"start":{"line":14,"column":27},"end":{"line":14,"column":null}},"2":{"start":{"line":16,"column":25},"end":{"line":20,"column":null}},"3":{"start":{"line":22,"column":25},"end":{"line":22,"column":null}},"4":{"start":{"line":23,"column":28},"end":{"line":23,"column":null}},"5":{"start":{"line":25,"column":8},"end":{"line":60,"column":null}},"6":{"start":{"line":65,"column":0},"end":{"line":65,"column":null}}},"fnMap":{"0":{"name":"(anonymous_0)","decl":{"start":{"line":13,"column":4},"end":{"line":13,"column":5}},"loc":{"start":{"line":13,"column":111},"end":{"line":62,"column":null}},"line":13}},"branchMap":{"0":{"loc":{"start":{"line":13,"column":54},"end":{"line":13,"column":75}},"type":"default-arg","locations":[{"start":{"line":13,"column":64},"end":{"line":13,"column":75}}],"line":13},"1":{"loc":{"start":{"line":13,"column":75},"end":{"line":13,"column":91}},"type":"default-arg","locations":[{"start":{"line":13,"column":87},"end":{"line":13,"column":91}}],"line":13},"2":{"loc":{"start":{"line":23,"column":28},"end":{"line":23,"column":null}},"type":"cond-expr","locations":[{"start":{"line":23,"column":39},"end":{"line":23,"column":101}},{"start":{"line":23,"column":101},"end":{"line":23,"column":null}}],"line":23},"3":{"loc":{"start":{"line":27,"column":17},"end":{"line":30,"column":null}},"type":"binary-expr","locations":[{"start":{"line":27,"column":17},"end":{"line":27,"column":null}},{"start":{"line":28,"column":20},"end":{"line":30,"column":null}}],"line":27},"4":{"loc":{"start":{"line":33,"column":21},"end":{"line":36,"column":null}},"type":"binary-expr","locations":[{"start":{"line":33,"column":21},"end":{"line":33,"column":null}},{"start":{"line":34,"column":24},"end":{"line":36,"column":null}}],"line":33},"5":{"loc":{"start":{"line":40,"column":88},"end":{"line":40,"column":111}},"type":"cond-expr","locations":[{"start":{"line":40,"column":99},"end":{"line":40,"column":109}},{"start":{"line":40,"column":109},"end":{"line":40,"column":111}}],"line":40},"6":{"loc":{"start":{"line":40,"column":115},"end":{"line":40,"column":139}},"type":"cond-expr","locations":[{"start":{"line":40,"column":127},"end":{"line":40,"column":137}},{"start":{"line":40,"column":137},"end":{"line":40,"column":139}}],"line":40},"7":{"loc":{"start":{"line":43,"column":21},"end":{"line":46,"column":null}},"type":"binary-expr","locations":[{"start":{"line":43,"column":21},"end":{"line":43,"column":null}},{"start":{"line":44,"column":24},"end":{"line":46,"column":null}}],"line":43},"8":{"loc":{"start":{"line":49,"column":17},"end":{"line":55,"column":null}},"type":"binary-expr","locations":[{"start":{"line":49,"column":17},"end":{"line":49,"column":null}},{"start":{"line":50,"column":20},"end":{"line":55,"column":null}}],"line":49},"9":{"loc":{"start":{"line":57,"column":17},"end":{"line":58,"column":null}},"type":"binary-expr","locations":[{"start":{"line":57,"column":17},"end":{"line":57,"column":31}},{"start":{"line":57,"column":31},"end":{"line":57,"column":null}},{"start":{"line":58,"column":20},"end":{"line":58,"column":null}}],"line":57}},"s":{"0":1,"1":110,"2":110,"3":110,"4":110,"5":110,"6":1},"f":{"0":110},"b":{"0":[110],"1":[110],"2":[0,110],"3":[110,110],"4":[110,110],"5":[110,0],"6":[0,110],"7":[110,0],"8":[110,0],"9":[110,0,0]},"meta":{"lastBranch":10,"lastFunction":1,"lastStatement":7,"seen":{"s:12:13:63:Infinity":0,"f:13:4:13:5":0,"b:13:64:13:75":0,"b:13:87:13:91":1,"s:14:27:14:Infinity":1,"s:16:25:20:Infinity":2,"s:22:25:22:Infinity":3,"s:23:28:23:Infinity":4,"b:23:39:23:101:23:101:23:Infinity":2,"s:25:8:60:Infinity":5,"b:27:17:27:Infinity:28:20:30:Infinity":3,"b:33:21:33:Infinity:34:24:36:Infinity":4,"b:40:99:40:109:40:109:40:111":5,"b:40:127:40:137:40:137:40:139":6,"b:43:21:43:Infinity:44:24:46:Infinity":7,"b:49:17:49:Infinity:50:20:55:Infinity":8,"b:57:17:57:31:57:31:57:Infinity:58:20:58:Infinity":9,"s:65:0:65:Infinity":6}}}
,"D:\\my2light-app\\my2light-main\\components\\ui\\Toast.tsx": {"path":"D:\\my2light-app\\my2light-main\\components\\ui\\Toast.tsx","statementMap":{"0":{"start":{"line":17,"column":6},"end":{"line":17,"column":null}},"1":{"start":{"line":19,"column":24},"end":{"line":25,"column":null}},"2":{"start":{"line":20,"column":10},"end":{"line":20,"column":null}},"3":{"start":{"line":21,"column":4},"end":{"line":23,"column":null}},"4":{"start":{"line":22,"column":8},"end":{"line":22,"column":null}},"5":{"start":{"line":24,"column":4},"end":{"line":24,"column":null}},"6":{"start":{"line":27,"column":70},"end":{"line":87,"column":null}},"7":{"start":{"line":28,"column":28},"end":{"line":28,"column":null}},"8":{"start":{"line":30,"column":10},"end":{"line":37,"column":null}},"9":{"start":{"line":31,"column":19},"end":{"line":31,"column":null}},"10":{"start":{"line":32,"column":8},"end":{"line":32,"column":null}},"11":{"start":{"line":32,"column":28},"end":{"line":32,"column":60}},"12":{"start":{"line":34,"column":8},"end":{"line":36,"column":null}},"13":{"start":{"line":35,"column":12},"end":{"line":35,"column":null}},"14":{"start":{"line":35,"column":32},"end":{"line":35,"column":63}},"15":{"start":{"line":35,"column":51},"end":{"line":35,"column":62}},"16":{"start":{"line":39,"column":24},"end":{"line":41,"column":null}},"17":{"start":{"line":40,"column":8},"end":{"line":40,"column":null}},"18":{"start":{"line":40,"column":28},"end":{"line":40,"column":59}},"19":{"start":{"line":40,"column":47},"end":{"line":40,"column":58}},"20":{"start":{"line":43,"column":4},"end":{"line":85,"column":null}},"21":{"start":{"line":49,"column":24},"end":{"line":81,"column":null}},"22":{"start":{"line":76,"column":47},"end":{"line":76,"column":null}}},"fnMap":{"0":{"name":"(anonymous_0)","decl":{"start":{"line":19,"column":24},"end":{"line":19,"column":30}},"loc":{"start":{"line":19,"column":30},"end":{"line":25,"column":null}},"line":19},"1":{"name":"(anonymous_1)","decl":{"start":{"line":27,"column":70},"end":{"line":27,"column":71}},"loc":{"start":{"line":27,"column":88},"end":{"line":87,"column":null}},"line":27},"2":{"name":"(anonymous_2)","decl":{"start":{"line":30,"column":34},"end":{"line":30,"column":35}},"loc":{"start":{"line":30,"column":81},"end":{"line":37,"column":7}},"line":30},"3":{"name":"(anonymous_3)","decl":{"start":{"line":32,"column":18},"end":{"line":32,"column":19}},"loc":{"start":{"line":32,"column":28},"end":{"line":32,"column":60}},"line":32},"4":{"name":"(anonymous_4)","decl":{"start":{"line":34,"column":19},"end":{"line":34,"column":25}},"loc":{"start":{"line":34,"column":25},"end":{"line":36,"column":11}},"line":34},"5":{"name":"(anonymous_5)","decl":{"start":{"line":35,"column":22},"end":{"line":35,"column":23}},"loc":{"start":{"line":35,"column":32},"end":{"line":35,"column":63}},"line":35},"6":{"name":"(anonymous_6)","decl":{"start":{"line":35,"column":44},"end":{"line":35,"column":45}},"loc":{"start":{"line":35,"column":51},"end":{"line":35,"column":62}},"line":35},"7":{"name":"(anonymous_7)","decl":{"start":{"line":39,"column":24},"end":{"line":39,"column":25}},"loc":{"start":{"line":39,"column":40},"end":{"line":41,"column":null}},"line":39},"8":{"name":"(anonymous_8)","decl":{"start":{"line":40,"column":18},"end":{"line":40,"column":19}},"loc":{"start":{"line":40,"column":28},"end":{"line":40,"column":59}},"line":40},"9":{"name":"(anonymous_9)","decl":{"start":{"line":40,"column":40},"end":{"line":40,"column":41}},"loc":{"start":{"line":40,"column":47},"end":{"line":40,"column":58}},"line":40},"10":{"name":"(anonymous_10)","decl":{"start":{"line":48,"column":32},"end":{"line":48,"column":33}},"loc":{"start":{"line":49,"column":24},"end":{"line":81,"column":null}},"line":49},"11":{"name":"(anonymous_11)","decl":{"start":{"line":76,"column":41},"end":{"line":76,"column":47}},"loc":{"start":{"line":76,"column":47},"end":{"line":76,"column":null}},"line":76}},"branchMap":{"0":{"loc":{"start":{"line":21,"column":4},"end":{"line":23,"column":null}},"type":"if","locations":[{"start":{"line":21,"column":4},"end":{"line":23,"column":null}},{"start":{},"end":{}}],"line":21},"1":{"loc":{"start":{"line":30,"column":52},"end":{"line":30,"column":81}},"type":"default-arg","locations":[{"start":{"line":30,"column":70},"end":{"line":30,"column":81}}],"line":30},"2":{"loc":{"start":{"line":57,"column":18},"end":{"line":57,"column":97}},"type":"cond-expr","locations":[{"start":{"line":57,"column":45},"end":{"line":57,"column":95}},{"start":{"line":57,"column":95},"end":{"line":57,"column":97}}],"line":57},"3":{"loc":{"start":{"line":58,"column":18},"end":{"line":58,"column":94}},"type":"cond-expr","locations":[{"start":{"line":58,"column":43},"end":{"line":58,"column":92}},{"start":{"line":58,"column":92},"end":{"line":58,"column":94}}],"line":58},"4":{"loc":{"start":{"line":59,"column":18},"end":{"line":59,"column":94}},"type":"cond-expr","locations":[{"start":{"line":59,"column":42},"end":{"line":59,"column":92}},{"start":{"line":59,"column":92},"end":{"line":59,"column":94}}],"line":59},"5":{"loc":{"start":{"line":64,"column":18},"end":{"line":64,"column":80}},"type":"cond-expr","locations":[{"start":{"line":64,"column":45},"end":{"line":64,"column":78}},{"start":{"line":64,"column":78},"end":{"line":64,"column":80}}],"line":64},"6":{"loc":{"start":{"line":65,"column":18},"end":{"line":65,"column":76}},"type":"cond-expr","locations":[{"start":{"line":65,"column":43},"end":{"line":65,"column":74}},{"start":{"line":65,"column":74},"end":{"line":65,"column":76}}],"line":65},"7":{"loc":{"start":{"line":66,"column":18},"end":{"line":66,"column":77}},"type":"cond-expr","locations":[{"start":{"line":66,"column":42},"end":{"line":66,"column":75}},{"start":{"line":66,"column":75},"end":{"line":66,"column":77}}],"line":66},"8":{"loc":{"start":{"line":68,"column":33},"end":{"line":68,"column":null}},"type":"binary-expr","locations":[{"start":{"line":68,"column":33},"end":{"line":68,"column":61}},{"start":{"line":68,"column":61},"end":{"line":68,"column":null}}],"line":68},"9":{"loc":{"start":{"line":69,"column":33},"end":{"line":69,"column":null}},"type":"binary-expr","locations":[{"start":{"line":69,"column":33},"end":{"line":69,"column":59}},{"start":{"line":69,"column":59},"end":{"line":69,"column":null}}],"line":69},"10":{"loc":{"start":{"line":70,"column":33},"end":{"line":70,"column":null}},"type":"binary-expr","locations":[{"start":{"line":70,"column":33},"end":{"line":70,"column":58}},{"start":{"line":70,"column":58},"end":{"line":70,"column":null}}],"line":70}},"s":{"0":1,"1":1,"2":55,"3":55,"4":0,"5":55,"6":1,"7":7,"8":7,"9":2,"10":2,"11":2,"12":2,"13":0,"14":0,"15":0,"16":7,"17":0,"18":0,"19":0,"20":7,"21":2,"22":0},"f":{"0":55,"1":7,"2":2,"3":2,"4":0,"5":0,"6":0,"7":0,"8":0,"9":0,"10":2,"11":0},"b":{"0":[0,55],"1":[2],"2":[1,1],"3":[1,1],"4":[0,2],"5":[1,1],"6":[1,1],"7":[0,2],"8":[2,1],"9":[2,1],"10":[2,0]},"meta":{"lastBranch":11,"lastFunction":12,"lastStatement":23,"seen":{"s:17:6:17:Infinity":0,"s:19:24:25:Infinity":1,"f:19:24:19:30":0,"s:20:10:20:Infinity":2,"b:21:4:23:Infinity:undefined:undefined:undefined:undefined":0,"s:21:4:23:Infinity":3,"s:22:8:22:Infinity":4,"s:24:4:24:Infinity":5,"s:27:70:87:Infinity":6,"f:27:70:27:71":1,"s:28:28:28:Infinity":7,"s:30:10:37:Infinity":8,"f:30:34:30:35":2,"b:30:70:30:81":1,"s:31:19:31:Infinity":9,"s:32:8:32:Infinity":10,"f:32:18:32:19":3,"s:32:28:32:60":11,"s:34:8:36:Infinity":12,"f:34:19:34:25":4,"s:35:12:35:Infinity":13,"f:35:22:35:23":5,"s:35:32:35:63":14,"f:35:44:35:45":6,"s:35:51:35:62":15,"s:39:24:41:Infinity":16,"f:39:24:39:25":7,"s:40:8:40:Infinity":17,"f:40:18:40:19":8,"s:40:28:40:59":18,"f:40:40:40:41":9,"s:40:47:40:58":19,"s:43:4:85:Infinity":20,"f:48:32:48:33":10,"s:49:24:81:Infinity":21,"b:57:45:57:95:57:95:57:97":2,"b:58:43:58:92:58:92:58:94":3,"b:59:42:59:92:59:92:59:94":4,"b:64:45:64:78:64:78:64:80":5,"b:65:43:65:74:65:74:65:76":6,"b:66:42:66:75:66:75:66:77":7,"b:68:33:68:61:68:61:68:Infinity":8,"b:69:33:69:59:69:59:69:Infinity":9,"b:70:33:70:58:70:58:70:Infinity":10,"f:76:41:76:47":11,"s:76:47:76:Infinity":22}}}
,"D:\\my2light-app\\my2light-main\\pages\\Login.tsx": {"path":"D:\\my2light-app\\my2light-main\\pages\\Login.tsx","statementMap":{"0":{"start":{"line":16,"column":31},"end":{"line":309,"column":null}},"1":{"start":{"line":17,"column":8},"end":{"line":17,"column":null}},"2":{"start":{"line":18,"column":20},"end":{"line":18,"column":null}},"3":{"start":{"line":19,"column":25},"end":{"line":19,"column":null}},"4":{"start":{"line":20,"column":22},"end":{"line":20,"column":null}},"5":{"start":{"line":21,"column":24},"end":{"line":21,"column":null}},"6":{"start":{"line":22,"column":30},"end":{"line":22,"column":null}},"7":{"start":{"line":23,"column":38},"end":{"line":23,"column":null}},"8":{"start":{"line":24,"column":32},"end":{"line":24,"column":null}},"9":{"start":{"line":26,"column":21},"end":{"line":122,"column":null}},"10":{"start":{"line":27,"column":4},"end":{"line":27,"column":null}},"11":{"start":{"line":29,"column":4},"end":{"line":121,"column":null}},"12":{"start":{"line":30,"column":25},"end":{"line":30,"column":null}},"13":{"start":{"line":31,"column":28},"end":{"line":31,"column":null}},"14":{"start":{"line":34,"column":6},"end":{"line":37,"column":null}},"15":{"start":{"line":35,"column":8},"end":{"line":35,"column":null}},"16":{"start":{"line":36,"column":8},"end":{"line":36,"column":null}},"17":{"start":{"line":39,"column":6},"end":{"line":42,"column":null}},"18":{"start":{"line":40,"column":8},"end":{"line":40,"column":null}},"19":{"start":{"line":41,"column":8},"end":{"line":41,"column":null}},"20":{"start":{"line":44,"column":6},"end":{"line":112,"column":null}},"21":{"start":{"line":46,"column":32},"end":{"line":49,"column":null}},"22":{"start":{"line":51,"column":8},"end":{"line":51,"column":null}},"23":{"start":{"line":51,"column":19},"end":{"line":51,"column":null}},"24":{"start":{"line":53,"column":8},"end":{"line":78,"column":null}},"25":{"start":{"line":55,"column":42},"end":{"line":64,"column":null}},"26":{"start":{"line":66,"column":10},"end":{"line":68,"column":null}},"27":{"start":{"line":67,"column":12},"end":{"line":67,"column":null}},"28":{"start":{"line":71,"column":10},"end":{"line":71,"column":null}},"29":{"start":{"line":73,"column":10},"end":{"line":73,"column":null}},"30":{"start":{"line":74,"column":10},"end":{"line":74,"column":null}},"31":{"start":{"line":75,"column":10},"end":{"line":75,"column":null}},"32":{"start":{"line":75,"column":27},"end":{"line":75,"column":52}},"33":{"start":{"line":77,"column":10},"end":{"line":77,"column":null}},"34":{"start":{"line":81,"column":42},"end":{"line":84,"column":null}},"35":{"start":{"line":86,"column":8},"end":{"line":86,"column":null}},"36":{"start":{"line":86,"column":19},"end":{"line":86,"column":null}},"37":{"start":{"line":88,"column":8},"end":{"line":111,"column":null}},"38":{"start":{"line":89,"column":36},"end":{"line":93,"column":null}},"39":{"start":{"line":96,"column":10},"end":{"line":96,"column":null}},"40":{"start":{"line":99,"column":10},"end":{"line":99,"column":null}},"41":{"start":{"line":101,"column":10},"end":{"line":101,"column":null}},"42":{"start":{"line":102,"column":10},"end":{"line":102,"column":null}},"43":{"start":{"line":104,"column":10},"end":{"line":110,"column":null}},"44":{"start":{"line":105,"column":12},"end":{"line":109,"column":null}},"45":{"start":{"line":106,"column":14},"end":{"line":106,"column":null}},"46":{"start":{"line":108,"column":14},"end":{"line":108,"column":null}},"47":{"start":{"line":114,"column":6},"end":{"line":114,"column":null}},"48":{"start":{"line":115,"column":18},"end":{"line":117,"column":null}},"49":{"start":{"line":118,"column":6},"end":{"line":118,"column":null}},"50":{"start":{"line":120,"column":6},"end":{"line":120,"column":null}},"51":{"start":{"line":124,"column":28},"end":{"line":137,"column":null}},"52":{"start":{"line":125,"column":4},"end":{"line":136,"column":null}},"53":{"start":{"line":126,"column":24},"end":{"line":131,"column":null}},"54":{"start":{"line":133,"column":6},"end":{"line":133,"column":null}},"55":{"start":{"line":133,"column":17},"end":{"line":133,"column":null}},"56":{"start":{"line":135,"column":6},"end":{"line":135,"column":null}},"57":{"start":{"line":139,"column":2},"end":{"line":307,"column":null}},"58":{"start":{"line":153,"column":29},"end":{"line":153,"column":null}},"59":{"start":{"line":199,"column":35},"end":{"line":199,"column":null}},"60":{"start":{"line":204,"column":36},"end":{"line":204,"column":null}},"61":{"start":{"line":213,"column":37},"end":{"line":213,"column":null}},"62":{"start":{"line":218,"column":38},"end":{"line":218,"column":null}},"63":{"start":{"line":222,"column":35},"end":{"line":222,"column":null}},"64":{"start":{"line":266,"column":35},"end":{"line":266,"column":null}},"65":{"start":{"line":273,"column":35},"end":{"line":273,"column":null}},"66":{"start":{"line":290,"column":18},"end":{"line":290,"column":null}},"67":{"start":{"line":291,"column":18},"end":{"line":291,"column":null}},"68":{"start":{"line":292,"column":18},"end":{"line":292,"column":null}}},"fnMap":{"0":{"name":"(anonymous_0)","decl":{"start":{"line":16,"column":31},"end":{"line":16,"column":37}},"loc":{"start":{"line":16,"column":37},"end":{"line":309,"column":null}},"line":16},"1":{"name":"(anonymous_1)","decl":{"start":{"line":26,"column":21},"end":{"line":26,"column":33}},"loc":{"start":{"line":26,"column":33},"end":{"line":122,"column":null}},"line":26},"2":{"name":"(anonymous_2)","decl":{"start":{"line":75,"column":21},"end":{"line":75,"column":27}},"loc":{"start":{"line":75,"column":27},"end":{"line":75,"column":52}},"line":75},"3":{"name":"(anonymous_3)","decl":{"start":{"line":104,"column":21},"end":{"line":104,"column":27}},"loc":{"start":{"line":104,"column":27},"end":{"line":110,"column":13}},"line":104},"4":{"name":"(anonymous_4)","decl":{"start":{"line":124,"column":28},"end":{"line":124,"column":35}},"loc":{"start":{"line":124,"column":71},"end":{"line":137,"column":null}},"line":124},"5":{"name":"(anonymous_5)","decl":{"start":{"line":153,"column":23},"end":{"line":153,"column":29}},"loc":{"start":{"line":153,"column":29},"end":{"line":153,"column":null}},"line":153},"6":{"name":"(anonymous_6)","decl":{"start":{"line":199,"column":28},"end":{"line":199,"column":29}},"loc":{"start":{"line":199,"column":35},"end":{"line":199,"column":null}},"line":199},"7":{"name":"(anonymous_7)","decl":{"start":{"line":204,"column":29},"end":{"line":204,"column":30}},"loc":{"start":{"line":204,"column":36},"end":{"line":204,"column":null}},"line":204},"8":{"name":"(anonymous_8)","decl":{"start":{"line":213,"column":30},"end":{"line":213,"column":31}},"loc":{"start":{"line":213,"column":37},"end":{"line":213,"column":null}},"line":213},"9":{"name":"(anonymous_9)","decl":{"start":{"line":218,"column":31},"end":{"line":218,"column":32}},"loc":{"start":{"line":218,"column":38},"end":{"line":218,"column":null}},"line":218},"10":{"name":"(anonymous_10)","decl":{"start":{"line":222,"column":29},"end":{"line":222,"column":35}},"loc":{"start":{"line":222,"column":35},"end":{"line":222,"column":null}},"line":222},"11":{"name":"(anonymous_11)","decl":{"start":{"line":266,"column":29},"end":{"line":266,"column":35}},"loc":{"start":{"line":266,"column":35},"end":{"line":266,"column":null}},"line":266},"12":{"name":"(anonymous_12)","decl":{"start":{"line":273,"column":29},"end":{"line":273,"column":35}},"loc":{"start":{"line":273,"column":35},"end":{"line":273,"column":null}},"line":273},"13":{"name":"(anonymous_13)","decl":{"start":{"line":289,"column":25},"end":{"line":289,"column":31}},"loc":{"start":{"line":289,"column":31},"end":{"line":293,"column":null}},"line":289}},"branchMap":{"0":{"loc":{"start":{"line":34,"column":6},"end":{"line":37,"column":null}},"type":"if","locations":[{"start":{"line":34,"column":6},"end":{"line":37,"column":null}},{"start":{},"end":{}}],"line":34},"1":{"loc":{"start":{"line":34,"column":10},"end":{"line":34,"column":41}},"type":"binary-expr","locations":[{"start":{"line":34,"column":10},"end":{"line":34,"column":25}},{"start":{"line":34,"column":25},"end":{"line":34,"column":41}}],"line":34},"2":{"loc":{"start":{"line":39,"column":6},"end":{"line":42,"column":null}},"type":"if","locations":[{"start":{"line":39,"column":6},"end":{"line":42,"column":null}},{"start":{},"end":{}}],"line":39},"3":{"loc":{"start":{"line":44,"column":6},"end":{"line":112,"column":null}},"type":"if","locations":[{"start":{"line":44,"column":6},"end":{"line":112,"column":null}},{"start":{"line":79,"column":13},"end":{"line":112,"column":null}}],"line":44},"4":{"loc":{"start":{"line":51,"column":8},"end":{"line":51,"column":null}},"type":"if","locations":[{"start":{"line":51,"column":8},"end":{"line":51,"column":null}},{"start":{},"end":{}}],"line":51},"5":{"loc":{"start":{"line":53,"column":8},"end":{"line":78,"column":null}},"type":"if","locations":[{"start":{"line":53,"column":8},"end":{"line":78,"column":null}},{"start":{"line":76,"column":15},"end":{"line":78,"column":null}}],"line":53},"6":{"loc":{"start":{"line":66,"column":10},"end":{"line":68,"column":null}},"type":"if","locations":[{"start":{"line":66,"column":10},"end":{"line":68,"column":null}},{"start":{},"end":{}}],"line":66},"7":{"loc":{"start":{"line":86,"column":8},"end":{"line":86,"column":null}},"type":"if","locations":[{"start":{"line":86,"column":8},"end":{"line":86,"column":null}},{"start":{},"end":{}}],"line":86},"8":{"loc":{"start":{"line":88,"column":8},"end":{"line":111,"column":null}},"type":"if","locations":[{"start":{"line":88,"column":8},"end":{"line":111,"column":null}},{"start":{},"end":{}}],"line":88},"9":{"loc":{"start":{"line":105,"column":12},"end":{"line":109,"column":null}},"type":"if","locations":[{"start":{"line":105,"column":12},"end":{"line":109,"column":null}},{"start":{"line":107,"column":19},"end":{"line":109,"column":null}}],"line":105},"10":{"loc":{"start":{"line":105,"column":16},"end":{"line":105,"column":51}},"type":"binary-expr","locations":[{"start":{"line":105,"column":16},"end":{"line":105,"column":27}},{"start":{"line":105,"column":27},"end":{"line":105,"column":51}}],"line":105},"11":{"loc":{"start":{"line":115,"column":18},"end":{"line":117,"column":null}},"type":"cond-expr","locations":[{"start":{"line":116,"column":10},"end":{"line":116,"column":null}},{"start":{"line":117,"column":10},"end":{"line":117,"column":null}}],"line":115},"12":{"loc":{"start":{"line":117,"column":10},"end":{"line":117,"column":null}},"type":"binary-expr","locations":[{"start":{"line":117,"column":10},"end":{"line":117,"column":27}},{"start":{"line":117,"column":27},"end":{"line":117,"column":null}}],"line":117},"13":{"loc":{"start":{"line":133,"column":6},"end":{"line":133,"column":null}},"type":"if","locations":[{"start":{"line":133,"column":6},"end":{"line":133,"column":null}},{"start":{},"end":{}}],"line":133},"14":{"loc":{"start":{"line":162,"column":17},"end":{"line":162,"column":null}},"type":"cond-expr","locations":[{"start":{"line":162,"column":37},"end":{"line":162,"column":51}},{"start":{"line":162,"column":51},"end":{"line":162,"column":null}}],"line":162},"15":{"loc":{"start":{"line":177,"column":15},"end":{"line":179,"column":null}},"type":"cond-expr","locations":[{"start":{"line":178,"column":18},"end":{"line":178,"column":null}},{"start":{"line":179,"column":18},"end":{"line":179,"column":null}}],"line":177},"16":{"loc":{"start":{"line":188,"column":42},"end":{"line":188,"column":71}},"type":"cond-expr","locations":[{"start":{"line":188,"column":62},"end":{"line":188,"column":68}},{"start":{"line":188,"column":68},"end":{"line":188,"column":71}}],"line":188},"17":{"loc":{"start":{"line":190,"column":39},"end":{"line":190,"column":68}},"type":"cond-expr","locations":[{"start":{"line":190,"column":59},"end":{"line":190,"column":64}},{"start":{"line":190,"column":64},"end":{"line":190,"column":68}}],"line":190},"18":{"loc":{"start":{"line":204,"column":36},"end":{"line":204,"column":null}},"type":"binary-expr","locations":[{"start":{"line":204,"column":36},"end":{"line":204,"column":57}},{"start":{"line":204,"column":57},"end":{"line":204,"column":null}}],"line":204},"19":{"loc":{"start":{"line":210,"column":26},"end":{"line":210,"column":null}},"type":"cond-expr","locations":[{"start":{"line":210,"column":41},"end":{"line":210,"column":50}},{"start":{"line":210,"column":50},"end":{"line":210,"column":null}}],"line":210},"20":{"loc":{"start":{"line":217,"column":34},"end":{"line":217,"column":null}},"type":"cond-expr","locations":[{"start":{"line":217,"column":54},"end":{"line":217,"column":75}},{"start":{"line":217,"column":75},"end":{"line":217,"column":null}}],"line":217},"21":{"loc":{"start":{"line":218,"column":38},"end":{"line":218,"column":null}},"type":"binary-expr","locations":[{"start":{"line":218,"column":38},"end":{"line":218,"column":59}},{"start":{"line":218,"column":59},"end":{"line":218,"column":null}}],"line":218},"22":{"loc":{"start":{"line":225,"column":21},"end":{"line":225,"column":null}},"type":"cond-expr","locations":[{"start":{"line":225,"column":36},"end":{"line":225,"column":59}},{"start":{"line":225,"column":59},"end":{"line":225,"column":null}}],"line":225},"23":{"loc":{"start":{"line":229,"column":17},"end":{"line":234,"column":null}},"type":"binary-expr","locations":[{"start":{"line":229,"column":17},"end":{"line":229,"column":null}},{"start":{"line":230,"column":18},"end":{"line":234,"column":null}}],"line":229},"24":{"loc":{"start":{"line":240,"column":28},"end":{"line":240,"column":null}},"type":"binary-expr","locations":[{"start":{"line":240,"column":28},"end":{"line":240,"column":41}},{"start":{"line":240,"column":41},"end":{"line":240,"column":51}},{"start":{"line":240,"column":51},"end":{"line":240,"column":null}}],"line":240},"25":{"loc":{"start":{"line":244,"column":24},"end":{"line":244,"column":null}},"type":"binary-expr","locations":[{"start":{"line":244,"column":24},"end":{"line":244,"column":38}},{"start":{"line":244,"column":38},"end":{"line":244,"column":null}}],"line":244},"26":{"loc":{"start":{"line":246,"column":19},"end":{"line":248,"column":null}},"type":"cond-expr","locations":[{"start":{"line":247,"column":22},"end":{"line":247,"column":null}},{"start":{"line":248,"column":22},"end":{"line":248,"column":null}}],"line":246},"27":{"loc":{"start":{"line":248,"column":22},"end":{"line":248,"column":null}},"type":"cond-expr","locations":[{"start":{"line":248,"column":42},"end":{"line":248,"column":56}},{"start":{"line":248,"column":56},"end":{"line":248,"column":null}}],"line":248},"28":{"loc":{"start":{"line":287,"column":15},"end":{"line":287,"column":null}},"type":"cond-expr","locations":[{"start":{"line":287,"column":35},"end":{"line":287,"column":58}},{"start":{"line":287,"column":58},"end":{"line":287,"column":null}}],"line":287},"29":{"loc":{"start":{"line":290,"column":26},"end":{"line":290,"column":65}},"type":"cond-expr","locations":[{"start":{"line":290,"column":46},"end":{"line":290,"column":57}},{"start":{"line":290,"column":57},"end":{"line":290,"column":65}}],"line":290},"30":{"loc":{"start":{"line":296,"column":17},"end":{"line":296,"column":null}},"type":"cond-expr","locations":[{"start":{"line":296,"column":37},"end":{"line":296,"column":54}},{"start":{"line":296,"column":54},"end":{"line":296,"column":null}}],"line":296}},"s":{"0":1,"1":55,"2":55,"3":55,"4":55,"5":55,"6":55,"7":55,"8":55,"9":55,"10":2,"11":2,"12":2,"13":2,"14":2,"15":0,"16":0,"17":2,"18":1,"19":1,"20":1,"21":0,"22":0,"23":0,"24":0,"25":0,"26":0,"27":0,"28":0,"29":0,"30":0,"31":0,"32":0,"33":0,"34":1,"35":1,"36":0,"37":1,"38":1,"39":1,"40":1,"41":1,"42":1,"43":1,"44":0,"45":0,"46":0,"47":0,"48":0,"49":0,"50":2,"51":55,"52":0,"53":0,"54":0,"55":0,"56":0,"57":55,"58":0,"59":32,"60":32,"61":14,"62":14,"63":0,"64":0,"65":0,"66":1,"67":1,"68":1},"f":{"0":55,"1":2,"2":0,"3":0,"4":0,"5":0,"6":32,"7":32,"8":14,"9":14,"10":0,"11":0,"12":0,"13":1},"b":{"0":[0,2],"1":[2,2],"2":[1,1],"3":[0,1],"4":[0,0],"5":[0,0],"6":[0,0],"7":[0,1],"8":[1,0],"9":[0,0],"10":[0,0],"11":[0,0],"12":[0,0],"13":[0,0],"14":[54,1],"15":[54,1],"16":[54,1],"17":[54,1],"18":[32,0],"19":[0,55],"20":[54,1],"21":[14,0],"22":[0,55],"23":[55,54],"24":[55,54,48],"25":[55,54],"26":[1,54],"27":[53,1],"28":[54,1],"29":[1,0],"30":[54,1]},"meta":{"lastBranch":31,"lastFunction":14,"lastStatement":69,"seen":{"s:16:31:309:Infinity":0,"f:16:31:16:37":0,"s:17:8:17:Infinity":1,"s:18:20:18:Infinity":2,"s:19:25:19:Infinity":3,"s:20:22:20:Infinity":4,"s:21:24:21:Infinity":5,"s:22:30:22:Infinity":6,"s:23:38:23:Infinity":7,"s:24:32:24:Infinity":8,"s:26:21:122:Infinity":9,"f:26:21:26:33":1,"s:27:4:27:Infinity":10,"s:29:4:121:Infinity":11,"s:30:25:30:Infinity":12,"s:31:28:31:Infinity":13,"b:34:6:37:Infinity:undefined:undefined:undefined:undefined":0,"s:34:6:37:Infinity":14,"b:34:10:34:25:34:25:34:41":1,"s:35:8:35:Infinity":15,"s:36:8:36:Infinity":16,"b:39:6:42:Infinity:undefined:undefined:undefined:undefined":2,"s:39:6:42:Infinity":17,"s:40:8:40:Infinity":18,"s:41:8:41:Infinity":19,"b:44:6:112:Infinity:79:13:112:Infinity":3,"s:44:6:112:Infinity":20,"s:46:32:49:Infinity":21,"b:51:8:51:Infinity:undefined:undefined:undefined:undefined":4,"s:51:8:51:Infinity":22,"s:51:19:51:Infinity":23,"b:53:8:78:Infinity:76:15:78:Infinity":5,"s:53:8:78:Infinity":24,"s:55:42:64:Infinity":25,"b:66:10:68:Infinity:undefined:undefined:undefined:undefined":6,"s:66:10:68:Infinity":26,"s:67:12:67:Infinity":27,"s:71:10:71:Infinity":28,"s:73:10:73:Infinity":29,"s:74:10:74:Infinity":30,"s:75:10:75:Infinity":31,"f:75:21:75:27":2,"s:75:27:75:52":32,"s:77:10:77:Infinity":33,"s:81:42:84:Infinity":34,"b:86:8:86:Infinity:undefined:undefined:undefined:undefined":7,"s:86:8:86:Infinity":35,"s:86:19:86:Infinity":36,"b:88:8:111:Infinity:undefined:undefined:undefined:undefined":8,"s:88:8:111:Infinity":37,"s:89:36:93:Infinity":38,"s:96:10:96:Infinity":39,"s:99:10:99:Infinity":40,"s:101:10:101:Infinity":41,"s:102:10:102:Infinity":42,"s:104:10:110:Infinity":43,"f:104:21:104:27":3,"b:105:12:109:Infinity:107:19:109:Infinity":9,"s:105:12:109:Infinity":44,"b:105:16:105:27:105:27:105:51":10,"s:106:14:106:Infinity":45,"s:108:14:108:Infinity":46,"s:114:6:114:Infinity":47,"s:115:18:117:Infinity":48,"b:116:10:116:Infinity:117:10:117:Infinity":11,"b:117:10:117:27:117:27:117:Infinity":12,"s:118:6:118:Infinity":49,"s:120:6:120:Infinity":50,"s:124:28:137:Infinity":51,"f:124:28:124:35":4,"s:125:4:136:Infinity":52,"s:126:24:131:Infinity":53,"b:133:6:133:Infinity:undefined:undefined:undefined:undefined":13,"s:133:6:133:Infinity":54,"s:133:17:133:Infinity":55,"s:135:6:135:Infinity":56,"s:139:2:307:Infinity":57,"f:153:23:153:29":5,"s:153:29:153:Infinity":58,"b:162:37:162:51:162:51:162:Infinity":14,"b:178:18:178:Infinity:179:18:179:Infinity":15,"b:188:62:188:68:188:68:188:71":16,"b:190:59:190:64:190:64:190:68":17,"f:199:28:199:29":6,"s:199:35:199:Infinity":59,"f:204:29:204:30":7,"s:204:36:204:Infinity":60,"b:204:36:204:57:204:57:204:Infinity":18,"b:210:41:210:50:210:50:210:Infinity":19,"f:213:30:213:31":8,"s:213:37:213:Infinity":61,"b:217:54:217:75:217:75:217:Infinity":20,"f:218:31:218:32":9,"s:218:38:218:Infinity":62,"b:218:38:218:59:218:59:218:Infinity":21,"f:222:29:222:35":10,"s:222:35:222:Infinity":63,"b:225:36:225:59:225:59:225:Infinity":22,"b:229:17:229:Infinity:230:18:234:Infinity":23,"b:240:28:240:41:240:41:240:51:240:51:240:Infinity":24,"b:244:24:244:38:244:38:244:Infinity":25,"b:247:22:247:Infinity:248:22:248:Infinity":26,"b:248:42:248:56:248:56:248:Infinity":27,"f:266:29:266:35":11,"s:266:35:266:Infinity":64,"f:273:29:273:35":12,"s:273:35:273:Infinity":65,"b:287:35:287:58:287:58:287:Infinity":28,"f:289:25:289:31":13,"s:290:18:290:Infinity":66,"b:290:46:290:57:290:57:290:65":29,"s:291:18:291:Infinity":67,"s:292:18:292:Infinity":68,"b:296:37:296:54:296:54:296:Infinity":30}}}
,"D:\\my2light-app\\my2light-main\\services\\api.ts": {"path":"D:\\my2light-app\\my2light-main\\services\\api.ts","statementMap":{"0":{"start":{"line":4,"column":26},"end":{"line":885,"column":null}},"1":{"start":{"line":7,"column":4},"end":{"line":108,"column":null}},"2":{"start":{"line":8,"column":36},"end":{"line":8,"column":null}},"3":{"start":{"line":10,"column":6},"end":{"line":12,"column":null}},"4":{"start":{"line":11,"column":8},"end":{"line":11,"column":null}},"5":{"start":{"line":15,"column":30},"end":{"line":19,"column":null}},"6":{"start":{"line":22,"column":24},"end":{"line":22,"column":null}},"7":{"start":{"line":23,"column":26},"end":{"line":23,"column":null}},"8":{"start":{"line":25,"column":6},"end":{"line":61,"column":null}},"9":{"start":{"line":27,"column":27},"end":{"line":36,"column":null}},"10":{"start":{"line":38,"column":39},"end":{"line":40,"column":null}},"11":{"start":{"line":42,"column":8},"end":{"line":45,"column":null}},"12":{"start":{"line":43,"column":10},"end":{"line":43,"column":null}},"13":{"start":{"line":44,"column":10},"end":{"line":44,"column":null}},"14":{"start":{"line":47,"column":8},"end":{"line":60,"column":null}},"15":{"start":{"line":64,"column":33},"end":{"line":68,"column":null}},"16":{"start":{"line":70,"column":24},"end":{"line":70,"column":null}},"17":{"start":{"line":71,"column":28},"end":{"line":71,"column":null}},"18":{"start":{"line":73,"column":6},"end":{"line":79,"column":null}},"19":{"start":{"line":74,"column":8},"end":{"line":78,"column":null}},"20":{"start":{"line":75,"column":16},"end":{"line":75,"column":null}},"21":{"start":{"line":76,"column":10},"end":{"line":76,"column":null}},"22":{"start":{"line":77,"column":10},"end":{"line":77,"column":null}},"23":{"start":{"line":82,"column":41},"end":{"line":85,"column":null}},"24":{"start":{"line":87,"column":25},"end":{"line":102,"column":null}},"25":{"start":{"line":104,"column":6},"end":{"line":104,"column":null}},"26":{"start":{"line":106,"column":6},"end":{"line":106,"column":null}},"27":{"start":{"line":107,"column":6},"end":{"line":107,"column":null}},"28":{"start":{"line":114,"column":21},"end":{"line":114,"column":null}},"29":{"start":{"line":116,"column":22},"end":{"line":119,"column":null}},"30":{"start":{"line":121,"column":4},"end":{"line":121,"column":null}},"31":{"start":{"line":121,"column":15},"end":{"line":121,"column":null}},"32":{"start":{"line":122,"column":4},"end":{"line":122,"column":null}},"33":{"start":{"line":134,"column":31},"end":{"line":134,"column":null}},"34":{"start":{"line":135,"column":4},"end":{"line":135,"column":null}},"35":{"start":{"line":135,"column":15},"end":{"line":135,"column":null}},"36":{"start":{"line":137,"column":4},"end":{"line":199,"column":null}},"37":{"start":{"line":139,"column":40},"end":{"line":143,"column":null}},"38":{"start":{"line":145,"column":29},"end":{"line":145,"column":null}},"39":{"start":{"line":146,"column":6},"end":{"line":146,"column":null}},"40":{"start":{"line":146,"column":38},"end":{"line":146,"column":null}},"41":{"start":{"line":147,"column":6},"end":{"line":147,"column":null}},"42":{"start":{"line":147,"column":39},"end":{"line":147,"column":null}},"43":{"start":{"line":148,"column":6},"end":{"line":148,"column":null}},"44":{"start":{"line":148,"column":40},"end":{"line":148,"column":null}},"45":{"start":{"line":149,"column":6},"end":{"line":149,"column":null}},"46":{"start":{"line":149,"column":41},"end":{"line":149,"column":null}},"47":{"start":{"line":150,"column":6},"end":{"line":150,"column":null}},"48":{"start":{"line":150,"column":47},"end":{"line":150,"column":null}},"49":{"start":{"line":151,"column":6},"end":{"line":151,"column":null}},"50":{"start":{"line":151,"column":37},"end":{"line":151,"column":null}},"51":{"start":{"line":152,"column":6},"end":{"line":152,"column":null}},"52":{"start":{"line":152,"column":43},"end":{"line":152,"column":null}},"53":{"start":{"line":154,"column":6},"end":{"line":193,"column":null}},"54":{"start":{"line":156,"column":26},"end":{"line":156,"column":null}},"55":{"start":{"line":157,"column":28},"end":{"line":157,"column":null}},"56":{"start":{"line":159,"column":27},"end":{"line":170,"column":null}},"57":{"start":{"line":172,"column":39},"end":{"line":174,"column":null}},"58":{"start":{"line":176,"column":8},"end":{"line":179,"column":null}},"59":{"start":{"line":177,"column":10},"end":{"line":177,"column":null}},"60":{"start":{"line":178,"column":10},"end":{"line":178,"column":null}},"61":{"start":{"line":182,"column":8},"end":{"line":182,"column":null}},"62":{"start":{"line":183,"column":39},"end":{"line":186,"column":null}},"63":{"start":{"line":188,"column":8},"end":{"line":191,"column":null}},"64":{"start":{"line":189,"column":10},"end":{"line":189,"column":null}},"65":{"start":{"line":190,"column":10},"end":{"line":190,"column":null}},"66":{"start":{"line":192,"column":8},"end":{"line":192,"column":null}},"67":{"start":{"line":195,"column":6},"end":{"line":195,"column":null}},"68":{"start":{"line":197,"column":6},"end":{"line":197,"column":null}},"69":{"start":{"line":198,"column":6},"end":{"line":198,"column":null}},"70":{"start":{"line":203,"column":31},"end":{"line":203,"column":null}},"71":{"start":{"line":204,"column":4},"end":{"line":204,"column":null}},"72":{"start":{"line":204,"column":15},"end":{"line":204,"column":null}},"73":{"start":{"line":206,"column":20},"end":{"line":206,"column":null}},"74":{"start":{"line":207,"column":21},"end":{"line":207,"column":null}},"75":{"start":{"line":208,"column":21},"end":{"line":208,"column":null}},"76":{"start":{"line":210,"column":35},"end":{"line":212,"column":null}},"77":{"start":{"line":214,"column":4},"end":{"line":217,"column":null}},"78":{"start":{"line":215,"column":6},"end":{"line":215,"column":null}},"79":{"start":{"line":216,"column":6},"end":{"line":216,"column":null}},"80":{"start":{"line":219,"column":36},"end":{"line":221,"column":null}},"81":{"start":{"line":223,"column":4},"end":{"line":223,"column":null}},"82":{"start":{"line":228,"column":4},"end":{"line":261,"column":null}},"83":{"start":{"line":229,"column":30},"end":{"line":232,"column":null}},"84":{"start":{"line":234,"column":6},"end":{"line":237,"column":null}},"85":{"start":{"line":235,"column":8},"end":{"line":235,"column":null}},"86":{"start":{"line":236,"column":8},"end":{"line":236,"column":null}},"87":{"start":{"line":239,"column":30},"end":{"line":255,"column":null}},"88":{"start":{"line":239,"column":52},"end":{"line":255,"column":8}},"89":{"start":{"line":257,"column":6},"end":{"line":257,"column":null}},"90":{"start":{"line":259,"column":6},"end":{"line":259,"column":null}},"91":{"start":{"line":260,"column":6},"end":{"line":260,"column":null}},"92":{"start":{"line":265,"column":28},"end":{"line":269,"column":null}},"93":{"start":{"line":271,"column":4},"end":{"line":274,"column":null}},"94":{"start":{"line":272,"column":6},"end":{"line":272,"column":null}},"95":{"start":{"line":273,"column":6},"end":{"line":273,"column":null}},"96":{"start":{"line":276,"column":4},"end":{"line":295,"column":null}},"97":{"start":{"line":299,"column":4},"end":{"line":320,"column":null}},"98":{"start":{"line":300,"column":30},"end":{"line":300,"column":null}},"99":{"start":{"line":301,"column":6},"end":{"line":303,"column":null}},"100":{"start":{"line":302,"column":8},"end":{"line":302,"column":null}},"101":{"start":{"line":305,"column":6},"end":{"line":317,"column":null}},"102":{"start":{"line":307,"column":36},"end":{"line":316,"column":10}},"103":{"start":{"line":319,"column":6},"end":{"line":319,"column":null}},"104":{"start":{"line":325,"column":31},"end":{"line":325,"column":null}},"105":{"start":{"line":326,"column":4},"end":{"line":326,"column":null}},"106":{"start":{"line":326,"column":15},"end":{"line":326,"column":null}},"107":{"start":{"line":329,"column":47},"end":{"line":329,"column":null}},"108":{"start":{"line":330,"column":4},"end":{"line":330,"column":null}},"109":{"start":{"line":330,"column":30},"end":{"line":330,"column":null}},"110":{"start":{"line":332,"column":22},"end":{"line":332,"column":null}},"111":{"start":{"line":333,"column":18},"end":{"line":333,"column":null}},"112":{"start":{"line":336,"column":4},"end":{"line":342,"column":null}},"113":{"start":{"line":337,"column":45},"end":{"line":337,"column":null}},"114":{"start":{"line":338,"column":6},"end":{"line":338,"column":null}},"115":{"start":{"line":338,"column":28},"end":{"line":338,"column":null}},"116":{"start":{"line":340,"column":6},"end":{"line":340,"column":null}},"117":{"start":{"line":341,"column":6},"end":{"line":341,"column":null}},"118":{"start":{"line":344,"column":22},"end":{"line":344,"column":null}},"119":{"start":{"line":345,"column":20},"end":{"line":345,"column":null}},"120":{"start":{"line":348,"column":54},"end":{"line":353,"column":null}},"121":{"start":{"line":355,"column":4},"end":{"line":362,"column":null}},"122":{"start":{"line":356,"column":6},"end":{"line":356,"column":null}},"123":{"start":{"line":358,"column":6},"end":{"line":360,"column":null}},"124":{"start":{"line":359,"column":8},"end":{"line":359,"column":null}},"125":{"start":{"line":361,"column":6},"end":{"line":361,"column":null}},"126":{"start":{"line":364,"column":4},"end":{"line":366,"column":null}},"127":{"start":{"line":365,"column":6},"end":{"line":365,"column":null}},"128":{"start":{"line":369,"column":30},"end":{"line":373,"column":null}},"129":{"start":{"line":375,"column":4},"end":{"line":377,"column":null}},"130":{"start":{"line":376,"column":6},"end":{"line":376,"column":null}},"131":{"start":{"line":379,"column":28},"end":{"line":387,"column":null}},"132":{"start":{"line":389,"column":4},"end":{"line":392,"column":null}},"133":{"start":{"line":390,"column":6},"end":{"line":390,"column":null}},"134":{"start":{"line":391,"column":6},"end":{"line":391,"column":null}},"135":{"start":{"line":395,"column":4},"end":{"line":398,"column":null}},"136":{"start":{"line":400,"column":4},"end":{"line":413,"column":null}},"137":{"start":{"line":417,"column":31},"end":{"line":417,"column":null}},"138":{"start":{"line":418,"column":4},"end":{"line":418,"column":null}},"139":{"start":{"line":418,"column":15},"end":{"line":418,"column":null}},"140":{"start":{"line":420,"column":10},"end":{"line":420,"column":null}},"141":{"start":{"line":421,"column":23},"end":{"line":421,"column":null}},"142":{"start":{"line":423,"column":28},"end":{"line":432,"column":null}},"143":{"start":{"line":434,"column":4},"end":{"line":434,"column":null}},"144":{"start":{"line":434,"column":15},"end":{"line":434,"column":null}},"145":{"start":{"line":436,"column":20},"end":{"line":436,"column":null}},"146":{"start":{"line":438,"column":4},"end":{"line":451,"column":null}},"147":{"start":{"line":455,"column":31},"end":{"line":455,"column":null}},"148":{"start":{"line":456,"column":4},"end":{"line":456,"column":null}},"149":{"start":{"line":456,"column":15},"end":{"line":456,"column":null}},"150":{"start":{"line":458,"column":10},"end":{"line":458,"column":null}},"151":{"start":{"line":460,"column":28},"end":{"line":460,"column":null}},"152":{"start":{"line":462,"column":16},"end":{"line":468,"column":null}},"153":{"start":{"line":470,"column":4},"end":{"line":472,"column":null}},"154":{"start":{"line":471,"column":6},"end":{"line":471,"column":null}},"155":{"start":{"line":474,"column":28},"end":{"line":474,"column":null}},"156":{"start":{"line":476,"column":4},"end":{"line":476,"column":null}},"157":{"start":{"line":476,"column":15},"end":{"line":476,"column":null}},"158":{"start":{"line":478,"column":20},"end":{"line":478,"column":null}},"159":{"start":{"line":480,"column":4},"end":{"line":493,"column":null}},"160":{"start":{"line":497,"column":31},"end":{"line":497,"column":null}},"161":{"start":{"line":498,"column":4},"end":{"line":498,"column":null}},"162":{"start":{"line":498,"column":15},"end":{"line":498,"column":null}},"163":{"start":{"line":500,"column":4},"end":{"line":504,"column":null}},"164":{"start":{"line":506,"column":4},"end":{"line":506,"column":null}},"165":{"start":{"line":510,"column":4},"end":{"line":559,"column":null}},"166":{"start":{"line":511,"column":33},"end":{"line":511,"column":null}},"167":{"start":{"line":512,"column":6},"end":{"line":512,"column":null}},"168":{"start":{"line":512,"column":17},"end":{"line":512,"column":null}},"169":{"start":{"line":515,"column":51},"end":{"line":520,"column":null}},"170":{"start":{"line":522,"column":6},"end":{"line":524,"column":null}},"171":{"start":{"line":523,"column":8},"end":{"line":523,"column":null}},"172":{"start":{"line":527,"column":37},"end":{"line":534,"column":null}},"173":{"start":{"line":536,"column":6},"end":{"line":538,"column":null}},"174":{"start":{"line":537,"column":8},"end":{"line":537,"column":null}},"175":{"start":{"line":541,"column":27},"end":{"line":541,"column":null}},"176":{"start":{"line":542,"column":33},"end":{"line":546,"column":null}},"177":{"start":{"line":548,"column":6},"end":{"line":553,"column":null}},"178":{"start":{"line":549,"column":8},"end":{"line":552,"column":null}},"179":{"start":{"line":555,"column":6},"end":{"line":555,"column":null}},"180":{"start":{"line":557,"column":6},"end":{"line":557,"column":null}},"181":{"start":{"line":558,"column":6},"end":{"line":558,"column":null}},"182":{"start":{"line":566,"column":4},"end":{"line":617,"column":null}},"183":{"start":{"line":567,"column":33},"end":{"line":567,"column":null}},"184":{"start":{"line":568,"column":6},"end":{"line":568,"column":null}},"185":{"start":{"line":568,"column":17},"end":{"line":568,"column":null}},"186":{"start":{"line":571,"column":51},"end":{"line":576,"column":null}},"187":{"start":{"line":578,"column":6},"end":{"line":580,"column":null}},"188":{"start":{"line":579,"column":8},"end":{"line":579,"column":null}},"189":{"start":{"line":582,"column":12},"end":{"line":582,"column":null}},"190":{"start":{"line":583,"column":25},"end":{"line":583,"column":null}},"191":{"start":{"line":586,"column":30},"end":{"line":595,"column":null}},"192":{"start":{"line":597,"column":6},"end":{"line":599,"column":null}},"193":{"start":{"line":598,"column":8},"end":{"line":598,"column":null}},"194":{"start":{"line":601,"column":6},"end":{"line":613,"column":null}},"195":{"start":{"line":615,"column":6},"end":{"line":615,"column":null}},"196":{"start":{"line":616,"column":6},"end":{"line":616,"column":null}},"197":{"start":{"line":621,"column":31},"end":{"line":621,"column":null}},"198":{"start":{"line":622,"column":4},"end":{"line":622,"column":null}},"199":{"start":{"line":622,"column":15},"end":{"line":622,"column":null}},"200":{"start":{"line":624,"column":28},"end":{"line":628,"column":null}},"201":{"start":{"line":630,"column":4},"end":{"line":630,"column":null}},"202":{"start":{"line":630,"column":24},"end":{"line":630,"column":null}},"203":{"start":{"line":632,"column":32},"end":{"line":644,"column":null}},"204":{"start":{"line":632,"column":54},"end":{"line":644,"column":6}},"205":{"start":{"line":646,"column":4},"end":{"line":646,"column":null}},"206":{"start":{"line":651,"column":4},"end":{"line":688,"column":null}},"207":{"start":{"line":652,"column":30},"end":{"line":661,"column":null}},"208":{"start":{"line":663,"column":6},"end":{"line":665,"column":null}},"209":{"start":{"line":664,"column":8},"end":{"line":664,"column":null}},"210":{"start":{"line":667,"column":38},"end":{"line":683,"column":null}},"211":{"start":{"line":667,"column":60},"end":{"line":683,"column":8}},"212":{"start":{"line":685,"column":6},"end":{"line":685,"column":null}},"213":{"start":{"line":687,"column":6},"end":{"line":687,"column":null}},"214":{"start":{"line":692,"column":31},"end":{"line":692,"column":null}},"215":{"start":{"line":693,"column":4},"end":{"line":693,"column":null}},"216":{"start":{"line":693,"column":15},"end":{"line":693,"column":null}},"217":{"start":{"line":695,"column":20},"end":{"line":695,"column":null}},"218":{"start":{"line":696,"column":21},"end":{"line":696,"column":null}},"219":{"start":{"line":697,"column":21},"end":{"line":697,"column":null}},"220":{"start":{"line":699,"column":35},"end":{"line":701,"column":null}},"221":{"start":{"line":703,"column":4},"end":{"line":706,"column":null}},"222":{"start":{"line":704,"column":6},"end":{"line":704,"column":null}},"223":{"start":{"line":705,"column":6},"end":{"line":705,"column":null}},"224":{"start":{"line":708,"column":36},"end":{"line":710,"column":null}},"225":{"start":{"line":712,"column":4},"end":{"line":712,"column":null}},"226":{"start":{"line":716,"column":31},"end":{"line":716,"column":null}},"227":{"start":{"line":717,"column":4},"end":{"line":717,"column":null}},"228":{"start":{"line":717,"column":15},"end":{"line":717,"column":null}},"229":{"start":{"line":719,"column":28},"end":{"line":730,"column":null}},"230":{"start":{"line":732,"column":4},"end":{"line":732,"column":null}},"231":{"start":{"line":732,"column":15},"end":{"line":732,"column":null}},"232":{"start":{"line":734,"column":4},"end":{"line":734,"column":null}},"233":{"start":{"line":738,"column":31},"end":{"line":738,"column":null}},"234":{"start":{"line":739,"column":4},"end":{"line":739,"column":null}},"235":{"start":{"line":739,"column":15},"end":{"line":739,"column":null}},"236":{"start":{"line":742,"column":28},"end":{"line":748,"column":null}},"237":{"start":{"line":750,"column":4},"end":{"line":752,"column":null}},"238":{"start":{"line":751,"column":6},"end":{"line":751,"column":null}},"239":{"start":{"line":756,"column":4},"end":{"line":756,"column":null}},"240":{"start":{"line":760,"column":31},"end":{"line":760,"column":null}},"241":{"start":{"line":761,"column":4},"end":{"line":761,"column":null}},"242":{"start":{"line":761,"column":15},"end":{"line":761,"column":null}},"243":{"start":{"line":763,"column":22},"end":{"line":767,"column":null}},"244":{"start":{"line":769,"column":4},"end":{"line":772,"column":null}},"245":{"start":{"line":770,"column":6},"end":{"line":770,"column":null}},"246":{"start":{"line":771,"column":6},"end":{"line":771,"column":null}},"247":{"start":{"line":774,"column":4},"end":{"line":774,"column":null}},"248":{"start":{"line":783,"column":4},"end":{"line":837,"column":null}},"249":{"start":{"line":784,"column":33},"end":{"line":784,"column":null}},"250":{"start":{"line":785,"column":6},"end":{"line":785,"column":null}},"251":{"start":{"line":785,"column":17},"end":{"line":785,"column":null}},"252":{"start":{"line":788,"column":33},"end":{"line":792,"column":null}},"253":{"start":{"line":794,"column":6},"end":{"line":796,"column":null}},"254":{"start":{"line":795,"column":8},"end":{"line":795,"column":null}},"255":{"start":{"line":799,"column":12},"end":{"line":799,"column":null}},"256":{"start":{"line":800,"column":37},"end":{"line":803,"column":null}},"257":{"start":{"line":805,"column":6},"end":{"line":807,"column":null}},"258":{"start":{"line":806,"column":8},"end":{"line":806,"column":null}},"259":{"start":{"line":810,"column":42},"end":{"line":824,"column":null}},"260":{"start":{"line":826,"column":6},"end":{"line":830,"column":null}},"261":{"start":{"line":827,"column":8},"end":{"line":827,"column":null}},"262":{"start":{"line":832,"column":6},"end":{"line":832,"column":null}},"263":{"start":{"line":835,"column":6},"end":{"line":835,"column":null}},"264":{"start":{"line":836,"column":6},"end":{"line":836,"column":null}},"265":{"start":{"line":842,"column":4},"end":{"line":862,"column":null}},"266":{"start":{"line":843,"column":33},"end":{"line":843,"column":null}},"267":{"start":{"line":844,"column":6},"end":{"line":844,"column":null}},"268":{"start":{"line":844,"column":17},"end":{"line":844,"column":null}},"269":{"start":{"line":846,"column":30},"end":{"line":851,"column":null}},"270":{"start":{"line":853,"column":6},"end":{"line":856,"column":null}},"271":{"start":{"line":854,"column":8},"end":{"line":854,"column":null}},"272":{"start":{"line":855,"column":8},"end":{"line":855,"column":null}},"273":{"start":{"line":858,"column":6},"end":{"line":858,"column":null}},"274":{"start":{"line":860,"column":6},"end":{"line":860,"column":null}},"275":{"start":{"line":861,"column":6},"end":{"line":861,"column":null}},"276":{"start":{"line":867,"column":4},"end":{"line":883,"column":null}},"277":{"start":{"line":868,"column":33},"end":{"line":868,"column":null}},"278":{"start":{"line":869,"column":6},"end":{"line":869,"column":null}},"279":{"start":{"line":869,"column":17},"end":{"line":869,"column":null}},"280":{"start":{"line":871,"column":30},"end":{"line":872,"column":null}},"281":{"start":{"line":874,"column":6},"end":{"line":877,"column":null}},"282":{"start":{"line":875,"column":8},"end":{"line":875,"column":null}},"283":{"start":{"line":876,"column":8},"end":{"line":876,"column":null}},"284":{"start":{"line":879,"column":6},"end":{"line":879,"column":null}},"285":{"start":{"line":881,"column":6},"end":{"line":881,"column":null}},"286":{"start":{"line":882,"column":6},"end":{"line":882,"column":null}}},"fnMap":{"0":{"name":"(anonymous_0)","decl":{"start":{"line":6,"column":18},"end":{"line":6,"column":58}},"loc":{"start":{"line":6,"column":58},"end":{"line":109,"column":null}},"line":6},"1":{"name":"(anonymous_1)","decl":{"start":{"line":74,"column":25},"end":{"line":74,"column":26}},"loc":{"start":{"line":74,"column":37},"end":{"line":78,"column":9}},"line":74},"2":{"name":"(anonymous_2)","decl":{"start":{"line":111,"column":14},"end":{"line":111,"column":21}},"loc":{"start":{"line":111,"column":116},"end":{"line":123,"column":null}},"line":111},"3":{"name":"(anonymous_3)","decl":{"start":{"line":125,"column":21},"end":{"line":125,"column":28}},"loc":{"start":{"line":133,"column":40},"end":{"line":200,"column":null}},"line":133},"4":{"name":"(anonymous_4)","decl":{"start":{"line":202,"column":16},"end":{"line":202,"column":23}},"loc":{"start":{"line":202,"column":68},"end":{"line":224,"column":null}},"line":202},"5":{"name":"(anonymous_5)","decl":{"start":{"line":227,"column":13},"end":{"line":227,"column":56}},"loc":{"start":{"line":227,"column":56},"end":{"line":262,"column":null}},"line":227},"6":{"name":"(anonymous_6)","decl":{"start":{"line":239,"column":39},"end":{"line":239,"column":40}},"loc":{"start":{"line":239,"column":52},"end":{"line":255,"column":8}},"line":239},"7":{"name":"(anonymous_7)","decl":{"start":{"line":264,"column":16},"end":{"line":264,"column":23}},"loc":{"start":{"line":264,"column":79},"end":{"line":296,"column":null}},"line":264},"8":{"name":"(anonymous_8)","decl":{"start":{"line":298,"column":15},"end":{"line":298,"column":60}},"loc":{"start":{"line":298,"column":60},"end":{"line":321,"column":null}},"line":298},"9":{"name":"(anonymous_9)","decl":{"start":{"line":307,"column":23},"end":{"line":307,"column":24}},"loc":{"start":{"line":307,"column":36},"end":{"line":316,"column":10}},"line":307},"10":{"name":"(anonymous_10)","decl":{"start":{"line":324,"column":17},"end":{"line":324,"column":24}},"loc":{"start":{"line":324,"column":150},"end":{"line":414,"column":null}},"line":324},"11":{"name":"(anonymous_11)","decl":{"start":{"line":416,"column":20},"end":{"line":416,"column":70}},"loc":{"start":{"line":416,"column":70},"end":{"line":452,"column":null}},"line":416},"12":{"name":"(anonymous_12)","decl":{"start":{"line":454,"column":22},"end":{"line":454,"column":29}},"loc":{"start":{"line":454,"column":88},"end":{"line":494,"column":null}},"line":454},"13":{"name":"(anonymous_13)","decl":{"start":{"line":496,"column":14},"end":{"line":496,"column":57}},"loc":{"start":{"line":496,"column":57},"end":{"line":507,"column":null}},"line":496},"14":{"name":"(anonymous_14)","decl":{"start":{"line":509,"column":17},"end":{"line":509,"column":24}},"loc":{"start":{"line":509,"column":94},"end":{"line":560,"column":null}},"line":509},"15":{"name":"(anonymous_15)","decl":{"start":{"line":562,"column":21},"end":{"line":562,"column":null}},"loc":{"start":{"line":565,"column":38},"end":{"line":618,"column":null}},"line":565},"16":{"name":"(anonymous_16)","decl":{"start":{"line":620,"column":21},"end":{"line":620,"column":66}},"loc":{"start":{"line":620,"column":66},"end":{"line":647,"column":null}},"line":620},"17":{"name":"(anonymous_17)","decl":{"start":{"line":632,"column":41},"end":{"line":632,"column":42}},"loc":{"start":{"line":632,"column":54},"end":{"line":644,"column":6}},"line":632},"18":{"name":"(anonymous_18)","decl":{"start":{"line":650,"column":17},"end":{"line":650,"column":24}},"loc":{"start":{"line":650,"column":74},"end":{"line":689,"column":null}},"line":650},"19":{"name":"(anonymous_19)","decl":{"start":{"line":667,"column":47},"end":{"line":667,"column":48}},"loc":{"start":{"line":667,"column":60},"end":{"line":683,"column":8}},"line":667},"20":{"name":"(anonymous_20)","decl":{"start":{"line":691,"column":15},"end":{"line":691,"column":22}},"loc":{"start":{"line":691,"column":67},"end":{"line":713,"column":null}},"line":691},"21":{"name":"(anonymous_21)","decl":{"start":{"line":715,"column":19},"end":{"line":715,"column":26}},"loc":{"start":{"line":715,"column":155},"end":{"line":735,"column":null}},"line":715},"22":{"name":"(anonymous_22)","decl":{"start":{"line":737,"column":18},"end":{"line":737,"column":25}},"loc":{"start":{"line":737,"column":78},"end":{"line":757,"column":null}},"line":737},"23":{"name":"(anonymous_23)","decl":{"start":{"line":759,"column":26},"end":{"line":759,"column":33}},"loc":{"start":{"line":759,"column":107},"end":{"line":775,"column":null}},"line":759},"24":{"name":"(anonymous_24)","decl":{"start":{"line":778,"column":16},"end":{"line":778,"column":null}},"loc":{"start":{"line":782,"column":54},"end":{"line":838,"column":null}},"line":782},"25":{"name":"(anonymous_25)","decl":{"start":{"line":841,"column":25},"end":{"line":841,"column":32}},"loc":{"start":{"line":841,"column":84},"end":{"line":863,"column":null}},"line":841},"26":{"name":"(anonymous_26)","decl":{"start":{"line":866,"column":25},"end":{"line":866,"column":64}},"loc":{"start":{"line":866,"column":64},"end":{"line":884,"column":null}},"line":866}},"branchMap":{"0":{"loc":{"start":{"line":10,"column":6},"end":{"line":12,"column":null}},"type":"if","locations":[{"start":{"line":10,"column":6},"end":{"line":12,"column":null}},{"start":{},"end":{}}],"line":10},"1":{"loc":{"start":{"line":22,"column":24},"end":{"line":22,"column":null}},"type":"binary-expr","locations":[{"start":{"line":22,"column":24},"end":{"line":22,"column":61}},{"start":{"line":22,"column":61},"end":{"line":22,"column":null}}],"line":22},"2":{"loc":{"start":{"line":25,"column":6},"end":{"line":61,"column":null}},"type":"if","locations":[{"start":{"line":25,"column":6},"end":{"line":61,"column":null}},{"start":{},"end":{}}],"line":25},"3":{"loc":{"start":{"line":25,"column":10},"end":{"line":25,"column":26}},"type":"binary-expr","locations":[{"start":{"line":25,"column":10},"end":{"line":25,"column":19}},{"start":{"line":25,"column":19},"end":{"line":25,"column":26}}],"line":25},"4":{"loc":{"start":{"line":42,"column":8},"end":{"line":45,"column":null}},"type":"if","locations":[{"start":{"line":42,"column":8},"end":{"line":45,"column":null}},{"start":{},"end":{}}],"line":42},"5":{"loc":{"start":{"line":73,"column":6},"end":{"line":79,"column":null}},"type":"if","locations":[{"start":{"line":73,"column":6},"end":{"line":79,"column":null}},{"start":{},"end":{}}],"line":73},"6":{"loc":{"start":{"line":89,"column":14},"end":{"line":89,"column":null}},"type":"binary-expr","locations":[{"start":{"line":89,"column":14},"end":{"line":89,"column":27}},{"start":{"line":89,"column":27},"end":{"line":89,"column":null}}],"line":89},"7":{"loc":{"start":{"line":90,"column":16},"end":{"line":90,"column":null}},"type":"binary-expr","locations":[{"start":{"line":90,"column":16},"end":{"line":90,"column":31}},{"start":{"line":90,"column":31},"end":{"line":90,"column":null}}],"line":90},"8":{"loc":{"start":{"line":91,"column":15},"end":{"line":91,"column":null}},"type":"binary-expr","locations":[{"start":{"line":91,"column":15},"end":{"line":91,"column":29}},{"start":{"line":91,"column":29},"end":{"line":91,"column":null}}],"line":91},"9":{"loc":{"start":{"line":92,"column":25},"end":{"line":92,"column":null}},"type":"binary-expr","locations":[{"start":{"line":92,"column":25},"end":{"line":92,"column":44}},{"start":{"line":92,"column":44},"end":{"line":92,"column":null}}],"line":92},"10":{"loc":{"start":{"line":95,"column":17},"end":{"line":95,"column":null}},"type":"binary-expr","locations":[{"start":{"line":95,"column":17},"end":{"line":95,"column":33}},{"start":{"line":95,"column":33},"end":{"line":95,"column":null}}],"line":95},"11":{"loc":{"start":{"line":96,"column":25},"end":{"line":96,"column":null}},"type":"binary-expr","locations":[{"start":{"line":96,"column":25},"end":{"line":96,"column":57}},{"start":{"line":96,"column":57},"end":{"line":96,"column":null}}],"line":96},"12":{"loc":{"start":{"line":97,"column":15},"end":{"line":97,"column":null}},"type":"binary-expr","locations":[{"start":{"line":97,"column":15},"end":{"line":97,"column":36}},{"start":{"line":97,"column":36},"end":{"line":97,"column":null}}],"line":97},"13":{"loc":{"start":{"line":100,"column":24},"end":{"line":100,"column":null}},"type":"binary-expr","locations":[{"start":{"line":100,"column":24},"end":{"line":100,"column":48}},{"start":{"line":100,"column":48},"end":{"line":100,"column":null}}],"line":100},"14":{"loc":{"start":{"line":101,"column":24},"end":{"line":101,"column":null}},"type":"binary-expr","locations":[{"start":{"line":101,"column":24},"end":{"line":101,"column":48}},{"start":{"line":101,"column":48},"end":{"line":101,"column":null}}],"line":101},"15":{"loc":{"start":{"line":114,"column":21},"end":{"line":114,"column":null}},"type":"cond-expr","locations":[{"start":{"line":114,"column":31},"end":{"line":114,"column":63}},{"start":{"line":114,"column":63},"end":{"line":114,"column":null}}],"line":114},"16":{"loc":{"start":{"line":121,"column":4},"end":{"line":121,"column":null}},"type":"if","locations":[{"start":{"line":121,"column":4},"end":{"line":121,"column":null}},{"start":{},"end":{}}],"line":121},"17":{"loc":{"start":{"line":135,"column":4},"end":{"line":135,"column":null}},"type":"if","locations":[{"start":{"line":135,"column":4},"end":{"line":135,"column":null}},{"start":{},"end":{}}],"line":135},"18":{"loc":{"start":{"line":146,"column":6},"end":{"line":146,"column":null}},"type":"if","locations":[{"start":{"line":146,"column":6},"end":{"line":146,"column":null}},{"start":{},"end":{}}],"line":146},"19":{"loc":{"start":{"line":147,"column":6},"end":{"line":147,"column":null}},"type":"if","locations":[{"start":{"line":147,"column":6},"end":{"line":147,"column":null}},{"start":{},"end":{}}],"line":147},"20":{"loc":{"start":{"line":148,"column":6},"end":{"line":148,"column":null}},"type":"if","locations":[{"start":{"line":148,"column":6},"end":{"line":148,"column":null}},{"start":{},"end":{}}],"line":148},"21":{"loc":{"start":{"line":149,"column":6},"end":{"line":149,"column":null}},"type":"if","locations":[{"start":{"line":149,"column":6},"end":{"line":149,"column":null}},{"start":{},"end":{}}],"line":149},"22":{"loc":{"start":{"line":150,"column":6},"end":{"line":150,"column":null}},"type":"if","locations":[{"start":{"line":150,"column":6},"end":{"line":150,"column":null}},{"start":{},"end":{}}],"line":150},"23":{"loc":{"start":{"line":151,"column":6},"end":{"line":151,"column":null}},"type":"if","locations":[{"start":{"line":151,"column":6},"end":{"line":151,"column":null}},{"start":{},"end":{}}],"line":151},"24":{"loc":{"start":{"line":152,"column":6},"end":{"line":152,"column":null}},"type":"if","locations":[{"start":{"line":152,"column":6},"end":{"line":152,"column":null}},{"start":{},"end":{}}],"line":152},"25":{"loc":{"start":{"line":154,"column":6},"end":{"line":193,"column":null}},"type":"if","locations":[{"start":{"line":154,"column":6},"end":{"line":193,"column":null}},{"start":{"line":180,"column":13},"end":{"line":193,"column":null}}],"line":154},"26":{"loc":{"start":{"line":156,"column":26},"end":{"line":156,"column":null}},"type":"binary-expr","locations":[{"start":{"line":156,"column":26},"end":{"line":156,"column":55}},{"start":{"line":156,"column":55},"end":{"line":156,"column":null}}],"line":156},"27":{"loc":{"start":{"line":176,"column":8},"end":{"line":179,"column":null}},"type":"if","locations":[{"start":{"line":176,"column":8},"end":{"line":179,"column":null}},{"start":{},"end":{}}],"line":176},"28":{"loc":{"start":{"line":188,"column":8},"end":{"line":191,"column":null}},"type":"if","locations":[{"start":{"line":188,"column":8},"end":{"line":191,"column":null}},{"start":{},"end":{}}],"line":188},"29":{"loc":{"start":{"line":204,"column":4},"end":{"line":204,"column":null}},"type":"if","locations":[{"start":{"line":204,"column":4},"end":{"line":204,"column":null}},{"start":{},"end":{}}],"line":204},"30":{"loc":{"start":{"line":214,"column":4},"end":{"line":217,"column":null}},"type":"if","locations":[{"start":{"line":214,"column":4},"end":{"line":217,"column":null}},{"start":{},"end":{}}],"line":214},"31":{"loc":{"start":{"line":234,"column":6},"end":{"line":237,"column":null}},"type":"if","locations":[{"start":{"line":234,"column":6},"end":{"line":237,"column":null}},{"start":{},"end":{}}],"line":234},"32":{"loc":{"start":{"line":234,"column":10},"end":{"line":234,"column":26}},"type":"binary-expr","locations":[{"start":{"line":234,"column":10},"end":{"line":234,"column":19}},{"start":{"line":234,"column":19},"end":{"line":234,"column":26}}],"line":234},"33":{"loc":{"start":{"line":244,"column":22},"end":{"line":244,"column":null}},"type":"binary-expr","locations":[{"start":{"line":244,"column":22},"end":{"line":244,"column":41}},{"start":{"line":244,"column":41},"end":{"line":244,"column":58}},{"start":{"line":244,"column":58},"end":{"line":244,"column":null}}],"line":244},"34":{"loc":{"start":{"line":245,"column":20},"end":{"line":245,"column":null}},"type":"binary-expr","locations":[{"start":{"line":245,"column":20},"end":{"line":245,"column":37}},{"start":{"line":245,"column":37},"end":{"line":245,"column":null}}],"line":245},"35":{"loc":{"start":{"line":247,"column":16},"end":{"line":247,"column":null}},"type":"binary-expr","locations":[{"start":{"line":247,"column":16},"end":{"line":247,"column":28}},{"start":{"line":247,"column":28},"end":{"line":247,"column":null}}],"line":247},"36":{"loc":{"start":{"line":249,"column":16},"end":{"line":249,"column":null}},"type":"binary-expr","locations":[{"start":{"line":249,"column":16},"end":{"line":249,"column":28}},{"start":{"line":249,"column":28},"end":{"line":249,"column":null}}],"line":249},"37":{"loc":{"start":{"line":250,"column":20},"end":{"line":250,"column":null}},"type":"binary-expr","locations":[{"start":{"line":250,"column":20},"end":{"line":250,"column":36}},{"start":{"line":250,"column":36},"end":{"line":250,"column":null}}],"line":250},"38":{"loc":{"start":{"line":254,"column":22},"end":{"line":254,"column":null}},"type":"binary-expr","locations":[{"start":{"line":254,"column":22},"end":{"line":254,"column":41}},{"start":{"line":254,"column":41},"end":{"line":254,"column":null}}],"line":254},"39":{"loc":{"start":{"line":271,"column":4},"end":{"line":274,"column":null}},"type":"if","locations":[{"start":{"line":271,"column":4},"end":{"line":274,"column":null}},{"start":{},"end":{}}],"line":271},"40":{"loc":{"start":{"line":271,"column":8},"end":{"line":271,"column":24}},"type":"binary-expr","locations":[{"start":{"line":271,"column":8},"end":{"line":271,"column":17}},{"start":{"line":271,"column":17},"end":{"line":271,"column":24}}],"line":271},"41":{"loc":{"start":{"line":273,"column":55},"end":{"line":273,"column":91}},"type":"binary-expr","locations":[{"start":{"line":273,"column":55},"end":{"line":273,"column":73}},{"start":{"line":273,"column":73},"end":{"line":273,"column":91}}],"line":273},"42":{"loc":{"start":{"line":283,"column":22},"end":{"line":283,"column":null}},"type":"binary-expr","locations":[{"start":{"line":283,"column":22},"end":{"line":283,"column":44}},{"start":{"line":283,"column":44},"end":{"line":283,"column":64}},{"start":{"line":283,"column":64},"end":{"line":283,"column":null}}],"line":283},"43":{"loc":{"start":{"line":284,"column":20},"end":{"line":284,"column":null}},"type":"binary-expr","locations":[{"start":{"line":284,"column":20},"end":{"line":284,"column":40}},{"start":{"line":284,"column":40},"end":{"line":284,"column":null}}],"line":284},"44":{"loc":{"start":{"line":286,"column":16},"end":{"line":286,"column":null}},"type":"binary-expr","locations":[{"start":{"line":286,"column":16},"end":{"line":286,"column":31}},{"start":{"line":286,"column":31},"end":{"line":286,"column":null}}],"line":286},"45":{"loc":{"start":{"line":288,"column":16},"end":{"line":288,"column":null}},"type":"binary-expr","locations":[{"start":{"line":288,"column":16},"end":{"line":288,"column":31}},{"start":{"line":288,"column":31},"end":{"line":288,"column":null}}],"line":288},"46":{"loc":{"start":{"line":289,"column":20},"end":{"line":289,"column":null}},"type":"binary-expr","locations":[{"start":{"line":289,"column":20},"end":{"line":289,"column":39}},{"start":{"line":289,"column":39},"end":{"line":289,"column":null}}],"line":289},"47":{"loc":{"start":{"line":293,"column":22},"end":{"line":293,"column":null}},"type":"binary-expr","locations":[{"start":{"line":293,"column":22},"end":{"line":293,"column":44}},{"start":{"line":293,"column":44},"end":{"line":293,"column":null}}],"line":293},"48":{"loc":{"start":{"line":301,"column":6},"end":{"line":303,"column":null}},"type":"if","locations":[{"start":{"line":301,"column":6},"end":{"line":303,"column":null}},{"start":{},"end":{}}],"line":301},"49":{"loc":{"start":{"line":301,"column":10},"end":{"line":301,"column":26}},"type":"binary-expr","locations":[{"start":{"line":301,"column":10},"end":{"line":301,"column":19}},{"start":{"line":301,"column":19},"end":{"line":301,"column":26}}],"line":301},"50":{"loc":{"start":{"line":314,"column":20},"end":{"line":314,"column":null}},"type":"binary-expr","locations":[{"start":{"line":314,"column":20},"end":{"line":314,"column":34}},{"start":{"line":314,"column":34},"end":{"line":314,"column":null}}],"line":314},"51":{"loc":{"start":{"line":324,"column":69},"end":{"line":324,"column":96}},"type":"default-arg","locations":[{"start":{"line":324,"column":93},"end":{"line":324,"column":96}}],"line":324},"52":{"loc":{"start":{"line":326,"column":4},"end":{"line":326,"column":null}},"type":"if","locations":[{"start":{"line":326,"column":4},"end":{"line":326,"column":null}},{"start":{},"end":{}}],"line":326},"53":{"loc":{"start":{"line":330,"column":4},"end":{"line":330,"column":null}},"type":"if","locations":[{"start":{"line":330,"column":4},"end":{"line":330,"column":null}},{"start":{},"end":{}}],"line":330},"54":{"loc":{"start":{"line":330,"column":8},"end":{"line":330,"column":30}},"type":"binary-expr","locations":[{"start":{"line":330,"column":8},"end":{"line":330,"column":22}},{"start":{"line":330,"column":22},"end":{"line":330,"column":30}}],"line":330},"55":{"loc":{"start":{"line":336,"column":4},"end":{"line":342,"column":null}},"type":"if","locations":[{"start":{"line":336,"column":4},"end":{"line":342,"column":null}},{"start":{},"end":{}}],"line":336},"56":{"loc":{"start":{"line":338,"column":6},"end":{"line":338,"column":null}},"type":"if","locations":[{"start":{"line":338,"column":6},"end":{"line":338,"column":null}},{"start":{},"end":{}}],"line":338},"57":{"loc":{"start":{"line":338,"column":10},"end":{"line":338,"column":28}},"type":"binary-expr","locations":[{"start":{"line":338,"column":10},"end":{"line":338,"column":22}},{"start":{"line":338,"column":22},"end":{"line":338,"column":28}}],"line":338},"58":{"loc":{"start":{"line":341,"column":16},"end":{"line":341,"column":null}},"type":"cond-expr","locations":[{"start":{"line":341,"column":44},"end":{"line":341,"column":59}},{"start":{"line":341,"column":59},"end":{"line":341,"column":null}}],"line":341},"59":{"loc":{"start":{"line":355,"column":4},"end":{"line":362,"column":null}},"type":"if","locations":[{"start":{"line":355,"column":4},"end":{"line":362,"column":null}},{"start":{},"end":{}}],"line":355},"60":{"loc":{"start":{"line":358,"column":6},"end":{"line":360,"column":null}},"type":"if","locations":[{"start":{"line":358,"column":6},"end":{"line":360,"column":null}},{"start":{},"end":{}}],"line":358},"61":{"loc":{"start":{"line":364,"column":4},"end":{"line":366,"column":null}},"type":"if","locations":[{"start":{"line":364,"column":4},"end":{"line":366,"column":null}},{"start":{},"end":{}}],"line":364},"62":{"loc":{"start":{"line":364,"column":8},"end":{"line":364,"column":43}},"type":"binary-expr","locations":[{"start":{"line":364,"column":8},"end":{"line":364,"column":21}},{"start":{"line":364,"column":21},"end":{"line":364,"column":43}}],"line":364},"63":{"loc":{"start":{"line":375,"column":4},"end":{"line":377,"column
[...]
ined":88,"s:622:4:622:Infinity":198,"s:622:15:622:Infinity":199,"s:624:28:628:Infinity":200,"b:630:4:630:Infinity:undefined:undefined:undefined:undefined":89,"s:630:4:630:Infinity":201,"b:630:8:630:17:630:17:630:24":90,"s:630:24:630:Infinity":202,"s:632:32:644:Infinity":203,"f:632:41:632:42":17,"s:632:54:644:6":204,"b:641:17:641:34:641:34:641:Infinity":91,"b:642:19:642:38:642:38:642:Infinity":92,"b:643:55:643:70:643:70:643:Infinity":93,"s:646:4:646:Infinity":205,"f:650:17:650:24":18,"b:650:32:650:74":94,"s:651:4:688:Infinity":206,"s:652:30:661:Infinity":207,"b:663:6:665:Infinity:undefined:undefined:undefined:undefined":95,"s:663:6:665:Infinity":208,"b:663:10:663:19:663:19:663:26":96,"s:664:8:664:Infinity":209,"s:667:38:683:Infinity":210,"f:667:47:667:48":19,"s:667:60:683:8":211,"b:671:22:671:41:671:41:671:Infinity":97,"b:677:19:677:36:677:36:677:Infinity":98,"b:678:20:678:41:678:41:678:Infinity":99,"b:679:18:679:37:679:37:679:Infinity":100,"b:682:18:682:44:682:44:682:Infinity":101,"s:685:6:685:Infinity":212,"s:687:6:687:Infinity":213,"f:691:15:691:22":20,"s:692:31:692:Infinity":214,"b:693:4:693:Infinity:undefined:undefined:undefined:undefined":102,"s:693:4:693:Infinity":215,"s:693:15:693:Infinity":216,"s:695:20:695:Infinity":217,"b:695:20:695:47:695:47:695:Infinity":103,"s:696:21:696:Infinity":218,"s:697:21:697:Infinity":219,"s:699:35:701:Infinity":220,"b:703:4:706:Infinity:undefined:undefined:undefined:undefined":104,"s:703:4:706:Infinity":221,"s:704:6:704:Infinity":222,"s:705:6:705:Infinity":223,"s:708:36:710:Infinity":224,"s:712:4:712:Infinity":225,"f:715:19:715:26":21,"s:716:31:716:Infinity":226,"b:717:4:717:Infinity:undefined:undefined:undefined:undefined":105,"s:717:4:717:Infinity":227,"s:717:15:717:Infinity":228,"s:719:28:730:Infinity":229,"b:723:17:723:29:723:29:723:Infinity":106,"b:724:20:724:32:724:32:724:Infinity":107,"b:725:13:725:22:725:22:725:Infinity":108,"b:726:19:726:34:726:34:726:Infinity":109,"b:732:4:732:Infinity:undefined:undefined:undefined:undefined":110,"s:732:4:732:Infinity":230,"s:732:15:732:Infinity":231,"s:734:4:734:Infinity":232,"f:737:18:737:25":22,"s:738:31:738:Infinity":233,"b:739:4:739:Infinity:undefined:undefined:undefined:undefined":111,"s:739:4:739:Infinity":234,"s:739:15:739:Infinity":235,"s:742:28:748:Infinity":236,"b:750:4:752:Infinity:undefined:undefined:undefined:undefined":112,"s:750:4:752:Infinity":237,"b:750:8:750:17:750:17:750:24":113,"s:751:6:751:Infinity":238,"s:756:4:756:Infinity":239,"f:759:26:759:33":23,"s:760:31:760:Infinity":240,"b:761:4:761:Infinity:undefined:undefined:undefined:undefined":114,"s:761:4:761:Infinity":241,"s:761:15:761:Infinity":242,"s:763:22:767:Infinity":243,"b:769:4:772:Infinity:undefined:undefined:undefined:undefined":115,"s:769:4:772:Infinity":244,"s:770:6:770:Infinity":245,"s:771:6:771:Infinity":246,"s:774:4:774:Infinity":247,"f:778:16:778:Infinity":24,"s:783:4:837:Infinity":248,"s:784:33:784:Infinity":249,"b:785:6:785:Infinity:undefined:undefined:undefined:undefined":116,"s:785:6:785:Infinity":250,"s:785:17:785:Infinity":251,"s:788:33:792:Infinity":252,"b:794:6:796:Infinity:undefined:undefined:undefined:undefined":117,"s:794:6:796:Infinity":253,"s:795:8:795:Infinity":254,"s:799:12:799:Infinity":255,"b:799:26:799:46:799:46:799:51":118,"s:800:37:803:Infinity":256,"b:805:6:807:Infinity:undefined:undefined:undefined:undefined":119,"s:805:6:807:Infinity":257,"s:806:8:806:Infinity":258,"s:810:42:824:Infinity":259,"b:826:6:830:Infinity:undefined:undefined:undefined:undefined":120,"s:826:6:830:Infinity":260,"s:827:8:827:Infinity":261,"s:832:6:832:Infinity":262,"s:835:6:835:Infinity":263,"s:836:6:836:Infinity":264,"f:841:25:841:32":25,"b:841:48:841:84":121,"s:842:4:862:Infinity":265,"s:843:33:843:Infinity":266,"b:844:6:844:Infinity:undefined:undefined:undefined:undefined":122,"s:844:6:844:Infinity":267,"s:844:17:844:Infinity":268,"s:846:30:851:Infinity":269,"b:853:6:856:Infinity:undefined:undefined:undefined:undefined":123,"s:853:6:856:Infinity":270,"s:854:8:854:Infinity":271,"s:855:8:855:Infinity":272,"s:858:6:858:Infinity":273,"b:858:36:858:44:858:44:858:47":124,"s:860:6:860:Infinity":274,"s:861:6:861:Infinity":275,"b:861:48:861:65:861:65:861:103":125,"f:866:25:866:64":26,"s:867:4:883:Infinity":276,"s:868:33:868:Infinity":277,"b:869:6:869:Infinity:undefined:undefined:undefined:undefined":126,"s:869:6:869:Infinity":278,"s:869:17:869:Infinity":279,"s:871:30:872:Infinity":280,"b:874:6:877:Infinity:undefined:undefined:undefined:undefined":127,"s:874:6:877:Infinity":281,"s:875:8:875:Infinity":282,"s:876:8:876:Infinity":283,"s:879:6:879:Infinity":284,"b:879:62:879:72:879:72:879:77":128,"b:879:36:879:44:879:44:879:62":129,"s:881:6:881:Infinity":285,"s:882:6:882:Infinity":286,"b:882:50:882:67:882:67:882:105":130}}}
,"D:\\my2light-app\\my2light-main\\src\\utils\\booking.ts": {"path":"D:\\my2light-app\\my2light-main\\src\\utils\\booking.ts","statementMap":{"0":{"start":{"line":6,"column":23},"end":{"line":6,"column":null}},"1":{"start":{"line":7,"column":26},"end":{"line":7,"column":null}},"2":{"start":{"line":8,"column":17},"end":{"line":8,"column":null}},"3":{"start":{"line":11,"column":4},"end":{"line":11,"column":null}},"4":{"start":{"line":19,"column":21},"end":{"line":19,"column":null}},"5":{"start":{"line":20,"column":19},"end":{"line":20,"column":null}},"6":{"start":{"line":22,"column":4},"end":{"line":30,"column":null}},"7":{"start":{"line":23,"column":29},"end":{"line":23,"column":null}},"8":{"start":{"line":24,"column":27},"end":{"line":24,"column":null}},"9":{"start":{"line":27,"column":8},"end":{"line":29,"column":null}},"10":{"start":{"line":28,"column":12},"end":{"line":28,"column":null}},"11":{"start":{"line":32,"column":4},"end":{"line":32,"column":null}},"12":{"start":{"line":48,"column":30},"end":{"line":48,"column":null}},"13":{"start":{"line":50,"column":32},"end":{"line":50,"column":null}},"14":{"start":{"line":51,"column":34},"end":{"line":51,"column":null}},"15":{"start":{"line":53,"column":22},"end":{"line":53,"column":null}},"16":{"start":{"line":54,"column":4},"end":{"line":54,"column":null}},"17":{"start":{"line":56,"column":20},"end":{"line":56,"column":null}},"18":{"start":{"line":57,"column":4},"end":{"line":57,"column":null}},"19":{"start":{"line":59,"column":22},"end":{"line":59,"column":null}},"20":{"start":{"line":61,"column":4},"end":{"line":76,"column":null}},"21":{"start":{"line":62,"column":26},"end":{"line":62,"column":null}},"22":{"start":{"line":63,"column":24},"end":{"line":63,"column":null}},"23":{"start":{"line":65,"column":8},"end":{"line":65,"column":null}},"24":{"start":{"line":65,"column":31},"end":{"line":65,"column":null}},"25":{"start":{"line":67,"column":26},"end":{"line":67,"column":null}},"26":{"start":{"line":69,"column":8},"end":{"line":73,"column":null}},"27":{"start":{"line":75,"column":8},"end":{"line":75,"column":null}},"28":{"start":{"line":78,"column":4},"end":{"line":78,"column":null}},"29":{"start":{"line":88,"column":4},"end":{"line":90,"column":null}},"30":{"start":{"line":89,"column":8},"end":{"line":89,"column":null}},"31":{"start":{"line":93,"column":23},"end":{"line":93,"column":null}},"32":{"start":{"line":94,"column":28},"end":{"line":94,"column":null}},"33":{"start":{"line":96,"column":4},"end":{"line":98,"column":null}},"34":{"start":{"line":97,"column":8},"end":{"line":97,"column":null}},"35":{"start":{"line":101,"column":32},"end":{"line":101,"column":null}},"36":{"start":{"line":102,"column":34},"end":{"line":102,"column":null}},"37":{"start":{"line":104,"column":22},"end":{"line":104,"column":null}},"38":{"start":{"line":105,"column":21},"end":{"line":105,"column":null}},"39":{"start":{"line":106,"column":20},"end":{"line":106,"column":null}},"40":{"start":{"line":107,"column":19},"end":{"line":107,"column":null}},"41":{"start":{"line":109,"column":25},"end":{"line":109,"column":null}},"42":{"start":{"line":110,"column":23},"end":{"line":110,"column":null}},"43":{"start":{"line":111,"column":24},"end":{"line":111,"column":null}},"44":{"start":{"line":112,"column":25},"end":{"line":112,"column":null}},"45":{"start":{"line":114,"column":4},"end":{"line":116,"column":null}},"46":{"start":{"line":115,"column":8},"end":{"line":115,"column":null}},"47":{"start":{"line":118,"column":4},"end":{"line":120,"column":null}},"48":{"start":{"line":119,"column":8},"end":{"line":119,"column":null}},"49":{"start":{"line":122,"column":4},"end":{"line":122,"column":null}}},"fnMap":{"0":{"name":"calculateBookingCost","decl":{"start":{"line":1,"column":16},"end":{"line":1,"column":null}},"loc":{"start":{"line":5,"column":10},"end":{"line":12,"column":null}},"line":5},"1":{"name":"isSlotAvailable","decl":{"start":{"line":14,"column":16},"end":{"line":14,"column":null}},"loc":{"start":{"line":18,"column":11},"end":{"line":33,"column":null}},"line":18},"2":{"name":"getTimeSlots","decl":{"start":{"line":41,"column":16},"end":{"line":41,"column":null}},"loc":{"start":{"line":47,"column":14},"end":{"line":79,"column":null}},"line":47},"3":{"name":"validateBookingTime","decl":{"start":{"line":81,"column":16},"end":{"line":81,"column":null}},"loc":{"start":{"line":86,"column":38},"end":{"line":123,"column":null}},"line":86}},"branchMap":{"0":{"loc":{"start":{"line":27,"column":8},"end":{"line":29,"column":null}},"type":"if","locations":[{"start":{"line":27,"column":8},"end":{"line":29,"column":null}},{"start":{},"end":{}}],"line":27},"1":{"loc":{"start":{"line":27,"column":12},"end":{"line":27,"column":60}},"type":"binary-expr","locations":[{"start":{"line":27,"column":12},"end":{"line":27,"column":37}},{"start":{"line":27,"column":37},"end":{"line":27,"column":60}}],"line":27},"2":{"loc":{"start":{"line":45,"column":4},"end":{"line":45,"column":null}},"type":"default-arg","locations":[{"start":{"line":45,"column":30},"end":{"line":45,"column":null}}],"line":45},"3":{"loc":{"start":{"line":46,"column":4},"end":{"line":46,"column":null}},"type":"default-arg","locations":[{"start":{"line":46,"column":72},"end":{"line":46,"column":null}}],"line":46},"4":{"loc":{"start":{"line":65,"column":8},"end":{"line":65,"column":null}},"type":"if","locations":[{"start":{"line":65,"column":8},"end":{"line":65,"column":null}},{"start":{},"end":{}}],"line":65},"5":{"loc":{"start":{"line":88,"column":4},"end":{"line":90,"column":null}},"type":"if","locations":[{"start":{"line":88,"column":4},"end":{"line":90,"column":null}},{"start":{},"end":{}}],"line":88},"6":{"loc":{"start":{"line":96,"column":4},"end":{"line":98,"column":null}},"type":"if","locations":[{"start":{"line":96,"column":4},"end":{"line":98,"column":null}},{"start":{},"end":{}}],"line":96},"7":{"loc":{"start":{"line":114,"column":4},"end":{"line":116,"column":null}},"type":"if","locations":[{"start":{"line":114,"column":4},"end":{"line":116,"column":null}},{"start":{},"end":{}}],"line":114},"8":{"loc":{"start":{"line":118,"column":4},"end":{"line":120,"column":null}},"type":"if","locations":[{"start":{"line":118,"column":4},"end":{"line":120,"column":null}},{"start":{},"end":{}}],"line":118}},"s":{"0":4,"1":4,"2":4,"3":4,"4":39,"5":39,"6":39,"7":20,"8":20,"9":20,"10":3,"11":36,"12":3,"13":3,"14":3,"15":3,"16":3,"17":3,"18":3,"19":3,"20":3,"21":36,"22":36,"23":36,"24":0,"25":36,"26":36,"27":36,"28":3,"29":0,"30":0,"31":0,"32":0,"33":0,"34":0,"35":0,"36":0,"37":0,"38":0,"39":0,"40":0,"41":0,"42":0,"43":0,"44":0,"45":0,"46":0,"47":0,"48":0,"49":0},"f":{"0":4,"1":39,"2":3,"3":0},"b":{"0":[3,17],"1":[20,8],"2":[3],"3":[3],"4":[0,36],"5":[0,0],"6":[0,0],"7":[0,0],"8":[0,0]},"meta":{"lastBranch":9,"lastFunction":4,"lastStatement":50,"seen":{"f:1:16:1:Infinity":0,"s:6:23:6:Infinity":0,"s:7:26:7:Infinity":1,"s:8:17:8:Infinity":2,"s:11:4:11:Infinity":3,"f:14:16:14:Infinity":1,"s:19:21:19:Infinity":4,"s:20:19:20:Infinity":5,"s:22:4:30:Infinity":6,"s:23:29:23:Infinity":7,"s:24:27:24:Infinity":8,"b:27:8:29:Infinity:undefined:undefined:undefined:undefined":0,"s:27:8:29:Infinity":9,"b:27:12:27:37:27:37:27:60":1,"s:28:12:28:Infinity":10,"s:32:4:32:Infinity":11,"f:41:16:41:Infinity":2,"b:45:30:45:Infinity":2,"b:46:72:46:Infinity":3,"s:48:30:48:Infinity":12,"s:50:32:50:Infinity":13,"s:51:34:51:Infinity":14,"s:53:22:53:Infinity":15,"s:54:4:54:Infinity":16,"s:56:20:56:Infinity":17,"s:57:4:57:Infinity":18,"s:59:22:59:Infinity":19,"s:61:4:76:Infinity":20,"s:62:26:62:Infinity":21,"s:63:24:63:Infinity":22,"b:65:8:65:Infinity:undefined:undefined:undefined:undefined":4,"s:65:8:65:Infinity":23,"s:65:31:65:Infinity":24,"s:67:26:67:Infinity":25,"s:69:8:73:Infinity":26,"s:75:8:75:Infinity":27,"s:78:4:78:Infinity":28,"f:81:16:81:Infinity":3,"b:88:4:90:Infinity:undefined:undefined:undefined:undefined":5,"s:88:4:90:Infinity":29,"s:89:8:89:Infinity":30,"s:93:23:93:Infinity":31,"s:94:28:94:Infinity":32,"b:96:4:98:Infinity:undefined:undefined:undefined:undefined":6,"s:96:4:98:Infinity":33,"s:97:8:97:Infinity":34,"s:101:32:101:Infinity":35,"s:102:34:102:Infinity":36,"s:104:22:104:Infinity":37,"s:105:21:105:Infinity":38,"s:106:20:106:Infinity":39,"s:107:19:107:Infinity":40,"s:109:25:109:Infinity":41,"s:110:23:110:Infinity":42,"s:111:24:111:Infinity":43,"s:112:25:112:Infinity":44,"b:114:4:116:Infinity:undefined:undefined:undefined:undefined":7,"s:114:4:116:Infinity":45,"s:115:8:115:Infinity":46,"b:118:4:120:Infinity:undefined:undefined:undefined:undefined":8,"s:118:4:120:Infinity":47,"s:119:8:119:Infinity":48,"s:122:4:122:Infinity":49}}}
,"D:\\my2light-app\\my2light-main\\src\\utils\\format.ts": {"path":"D:\\my2light-app\\my2light-main\\src\\utils\\format.ts","statementMap":{"0":{"start":{"line":2,"column":4},"end":{"line":4,"column":null}},"1":{"start":{"line":3,"column":8},"end":{"line":3,"column":null}},"2":{"start":{"line":6,"column":20},"end":{"line":6,"column":null}},"3":{"start":{"line":7,"column":4},"end":{"line":7,"column":null}},"4":{"start":{"line":11,"column":4},"end":{"line":13,"column":null}},"5":{"start":{"line":12,"column":8},"end":{"line":12,"column":null}},"6":{"start":{"line":15,"column":18},"end":{"line":15,"column":null}},"7":{"start":{"line":16,"column":20},"end":{"line":16,"column":null}},"8":{"start":{"line":17,"column":17},"end":{"line":17,"column":null}},"9":{"start":{"line":19,"column":4},"end":{"line":21,"column":null}},"10":{"start":{"line":20,"column":8},"end":{"line":20,"column":null}},"11":{"start":{"line":23,"column":4},"end":{"line":23,"column":null}},"12":{"start":{"line":27,"column":4},"end":{"line":29,"column":null}},"13":{"start":{"line":28,"column":8},"end":{"line":28,"column":null}},"14":{"start":{"line":31,"column":4},"end":{"line":33,"column":null}},"15":{"start":{"line":32,"column":8},"end":{"line":32,"column":null}},"16":{"start":{"line":35,"column":15},"end":{"line":35,"column":null}},"17":{"start":{"line":36,"column":4},"end":{"line":36,"column":null}},"18":{"start":{"line":40,"column":14},"end":{"line":40,"column":null}},"19":{"start":{"line":41,"column":4},"end":{"line":45,"column":null}},"20":{"start":{"line":49,"column":14},"end":{"line":49,"column":null}},"21":{"start":{"line":50,"column":4},"end":{"line":53,"column":null}}},"fnMap":{"0":{"name":"formatCurrency","decl":{"start":{"line":1,"column":16},"end":{"line":1,"column":31}},"loc":{"start":{"line":1,"column":74},"end":{"line":8,"column":null}},"line":1},"1":{"name":"formatDuration","decl":{"start":{"line":10,"column":16},"end":{"line":10,"column":31}},"loc":{"start":{"line":10,"column":75},"end":{"line":24,"column":null}},"line":10},"2":{"name":"formatDistance","decl":{"start":{"line":26,"column":16},"end":{"line":26,"column":31}},"loc":{"start":{"line":26,"column":74},"end":{"line":37,"column":null}},"line":26},"3":{"name":"formatDate","decl":{"start":{"line":39,"column":16},"end":{"line":39,"column":27}},"loc":{"start":{"line":39,"column":56},"end":{"line":46,"column":null}},"line":39},"4":{"name":"formatTime","decl":{"start":{"line":48,"column":16},"end":{"line":48,"column":27}},"loc":{"start":{"line":48,"column":56},"end":{"line":54,"column":null}},"line":48}},"branchMap":{"0":{"loc":{"start":{"line":2,"column":4},"end":{"line":4,"column":null}},"type":"if","locations":[{"start":{"line":2,"column":4},"end":{"line":4,"column":null}},{"start":{},"end":{}}],"line":2},"1":{"loc":{"start":{"line":2,"column":8},"end":{"line":2,"column":66}},"type":"binary-expr","locations":[{"start":{"line":2,"column":8},"end":{"line":2,"column":27}},{"start":{"line":2,"column":27},"end":{"line":2,"column":51}},{"start":{"line":2,"column":51},"end":{"line":2,"column":66}}],"line":2},"2":{"loc":{"start":{"line":11,"column":4},"end":{"line":13,"column":null}},"type":"if","locations":[{"start":{"line":11,"column":4},"end":{"line":13,"column":null}},{"start":{},"end":{}}],"line":11},"3":{"loc":{"start":{"line":11,"column":8},"end":{"line":11,"column":84}},"type":"binary-expr","locations":[{"start":{"line":11,"column":8},"end":{"line":11,"column":28}},{"start":{"line":11,"column":28},"end":{"line":11,"column":53}},{"start":{"line":11,"column":53},"end":{"line":11,"column":71}},{"start":{"line":11,"column":71},"end":{"line":11,"column":84}}],"line":11},"4":{"loc":{"start":{"line":19,"column":4},"end":{"line":21,"column":null}},"type":"if","locations":[{"start":{"line":19,"column":4},"end":{"line":21,"column":null}},{"start":{},"end":{}}],"line":19},"5":{"loc":{"start":{"line":27,"column":4},"end":{"line":29,"column":null}},"type":"if","locations":[{"start":{"line":27,"column":4},"end":{"line":29,"column":null}},{"start":{},"end":{}}],"line":27},"6":{"loc":{"start":{"line":27,"column":8},"end":{"line":27,"column":66}},"type":"binary-expr","locations":[{"start":{"line":27,"column":8},"end":{"line":27,"column":27}},{"start":{"line":27,"column":27},"end":{"line":27,"column":51}},{"start":{"line":27,"column":51},"end":{"line":27,"column":66}}],"line":27},"7":{"loc":{"start":{"line":31,"column":4},"end":{"line":33,"column":null}},"type":"if","locations":[{"start":{"line":31,"column":4},"end":{"line":33,"column":null}},{"start":{},"end":{}}],"line":31},"8":{"loc":{"start":{"line":40,"column":14},"end":{"line":40,"column":null}},"type":"cond-expr","locations":[{"start":{"line":40,"column":41},"end":{"line":40,"column":58}},{"start":{"line":40,"column":58},"end":{"line":40,"column":null}}],"line":40},"9":{"loc":{"start":{"line":49,"column":14},"end":{"line":49,"column":null}},"type":"cond-expr","locations":[{"start":{"line":49,"column":41},"end":{"line":49,"column":58}},{"start":{"line":49,"column":58},"end":{"line":49,"column":null}}],"line":49}},"s":{"0":10,"1":2,"2":8,"3":8,"4":13,"5":1,"6":12,"7":12,"8":12,"9":12,"10":3,"11":9,"12":11,"13":2,"14":9,"15":3,"16":6,"17":6,"18":0,"19":0,"20":0,"21":0},"f":{"0":10,"1":13,"2":11,"3":0,"4":0},"b":{"0":[2,8],"1":[10,9,8],"2":[1,12],"3":[13,13,13,13],"4":[3,9],"5":[2,9],"6":[11,10,9],"7":[3,6],"8":[0,0],"9":[0,0]},"meta":{"lastBranch":10,"lastFunction":5,"lastStatement":22,"seen":{"f:1:16:1:31":0,"b:2:4:4:Infinity:undefined:undefined:undefined:undefined":0,"s:2:4:4:Infinity":0,"b:2:8:2:27:2:27:2:51:2:51:2:66":1,"s:3:8:3:Infinity":1,"s:6:20:6:Infinity":2,"s:7:4:7:Infinity":3,"f:10:16:10:31":1,"b:11:4:13:Infinity:undefined:undefined:undefined:undefined":2,"s:11:4:13:Infinity":4,"b:11:8:11:28:11:28:11:53:11:53:11:71:11:71:11:84":3,"s:12:8:12:Infinity":5,"s:15:18:15:Infinity":6,"s:16:20:16:Infinity":7,"s:17:17:17:Infinity":8,"b:19:4:21:Infinity:undefined:undefined:undefined:undefined":4,"s:19:4:21:Infinity":9,"s:20:8:20:Infinity":10,"s:23:4:23:Infinity":11,"f:26:16:26:31":2,"b:27:4:29:Infinity:undefined:undefined:undefined:undefined":5,"s:27:4:29:Infinity":12,"b:27:8:27:27:27:27:27:51:27:51:27:66":6,"s:28:8:28:Infinity":13,"b:31:4:33:Infinity:undefined:undefined:undefined:undefined":7,"s:31:4:33:Infinity":14,"s:32:8:32:Infinity":15,"s:35:15:35:Infinity":16,"s:36:4:36:Infinity":17,"f:39:16:39:27":3,"s:40:14:40:Infinity":18,"b:40:41:40:58:40:58:40:Infinity":8,"s:41:4:45:Infinity":19,"f:48:16:48:27":4,"s:49:14:49:Infinity":20,"b:49:41:49:58:49:58:49:Infinity":9,"s:50:4:53:Infinity":21}}}
}
