{"total": {"lines":{"total":432,"covered":150,"skipped":0,"pct":34.72},"statements":{"total":475,"covered":151,"skipped":0,"pct":31.78},"functions":{"total":68,"covered":27,"skipped":0,"pct":39.7},"branches":{"total":427,"covered":132,"skipped":0,"pct":30.91},"branchesTrue":{"total":0,"covered":0,"skipped":0,"pct":100}}
,"D:\\my2light-app\\my2light-main\\components\\Layout\\PageTransition.tsx": {"lines":{"total":2,"covered":2,"skipped":0,"pct":100},"functions":{"total":1,"covered":1,"skipped":0,"pct":100},"statements":{"total":2,"covered":2,"skipped":0,"pct":100},"branches":{"total":0,"covered":0,"skipped":0,"pct":100}}
,"D:\\my2light-app\\my2light-main\\components\\ui\\Button.tsx": {"lines":{"total":15,"covered":13,"skipped":0,"pct":86.66},"functions":{"total":4,"covered":4,"skipped":0,"pct":100},"statements":{"total":15,"covered":13,"skipped":0,"pct":86.66},"branches":{"total":22,"covered":19,"skipped":0,"pct":86.36}}
,"D:\\my2light-app\\my2light-main\\components\\ui\\Input.tsx": {"lines":{"total":7,"covered":7,"skipped":0,"pct":100},"functions":{"total":1,"covered":1,"skipped":0,"pct":100},"statements":{"total":7,"covered":7,"skipped":0,"pct":100},"branches":{"total":19,"covered":12,"skipped":0,"pct":63.15}}
,"D:\\my2light-app\\my2light-main\\components\\ui\\Toast.tsx": {"lines":{"total":18,"covered":14,"skipped":0,"pct":77.77},"functions":{"total":12,"covered":5,"skipped":0,"pct":41.66},"statements":{"total":23,"covered":15,"skipped":0,"pct":65.21},"branches":{"total":21,"covered":17,"skipped":0,"pct":80.95}}
,"D:\\my2light-app\\my2light-main\\pages\\Login.tsx": {"lines":{"total":65,"covered":38,"skipped":0,"pct":58.46},"functions":{"total":14,"covered":7,"skipped":0,"pct":50},"statements":{"total":69,"covered":38,"skipped":0,"pct":55.07},"branches":{"total":63,"covered":38,"skipped":0,"pct":60.31}}
,"D:\\my2light-app\\my2light-main\\services\\api.ts": {"lines":{"total":254,"covered":30,"skipped":0,"pct":11.81},"functions":{"total":27,"covered":3,"skipped":0,"pct":11.11},"statements":{"total":287,"covered":30,"skipped":0,"pct":10.45},"branches":{"total":262,"covered":19,"skipped":0,"pct":7.25}}
,"D:\\my2light-app\\my2light-main\\src\\utils\\booking.ts": {"lines":{"total":49,"covered":28,"skipped":0,"pct":57.14},"functions":{"total":4,"covered":3,"skipped":0,"pct":75},"statements":{"total":50,"covered":28,"skipped":0,"pct":56},"branches":{"total":16,"covered":7,"skipped":0,"pct":43.75}}
,"D:\\my2light-app\\my2light-main\\src\\utils\\format.ts": {"lines":{"total":22,"covered":18,"skipped":0,"pct":81.81},"functions":{"total":5,"covered":3,"skipped":0,"pct":60},"statements":{"total":22,"covered":18,"skipped":0,"pct":81.81},"branches":{"total":24,"covered":20,"skipped":0,"pct":83.33}}
}
